"2017-01-18 11:54:20 [main] INFO  c.m.c.controller.ContactControllerIT - Starting ContactControllerIT on aleksandrk with PID 1452 (started by AleksandrK in C:\Documents and Settings\aleksandrk\workspace\contactbook)
""2017-01-18 11:54:20 [main] INFO  c.m.c.controller.ContactControllerIT - No active profile set, falling back to default profiles: default
""2017-01-18 11:54:26 [main] INFO  o.s.c.s.PostProcessorRegistrationDelegate$BeanPostProcessorChecker - Bean 'org.springframework.cache.annotation.ProxyCachingConfiguration' of type [class org.springframework.cache.annotation.ProxyCachingConfiguration$$EnhancerBySpringCGLIB$$4ff294e2] is not eligible for getting processed by all BeanPostProcessors (for example: not eligible for auto-proxying)
""2017-01-18 11:54:26 [main] INFO  o.s.c.s.PostProcessorRegistrationDelegate$BeanPostProcessorChecker - Bean 'org.springframework.transaction.annotation.ProxyTransactionManagementConfiguration' of type [class org.springframework.transaction.annotation.ProxyTransactionManagementConfiguration$$EnhancerBySpringCGLIB$$6e05ec4] is not eligible for getting processed by all BeanPostProcessors (for example: not eligible for auto-proxying)
""2017-01-18 11:54:34 [main] INFO  c.m.c.controller.ContactControllerIT - Started ContactControllerIT in 17.344 seconds (JVM running for 25.023)
""2017-01-18 11:54:36 [main] INFO  o.s.t.c.t.TransactionContext - Began transaction (1) for test context [DefaultTestContext@134aada testClass = ContactControllerIT, testInstance = com.mental.contactbook.controller.ContactControllerIT@66e580, testMethod = test_getAllContactsExceptRegex@ContactControllerIT, testException = [null], mergedContextConfiguration = [WebMergedContextConfiguration@19b7cce testClass = ContactControllerIT, locations = '{}', classes = '{class com.mental.contactbook.Application, class com.mental.contactbook.Application}', contextInitializerClasses = '[]', activeProfiles = '{}', propertySourceLocations = '{}', propertySourceProperties = '{org.springframework.boot.test.context.SpringBootTestContextBootstrapper=true}', contextCustomizers = set[org.springframework.boot.test.context.SpringBootTestContextCustomizer@bd1b6a, org.springframework.boot.test.context.filter.ExcludeFilterContextCustomizer@19e13df, org.springframework.boot.test.mock.mockito.MockitoContextCustomizer@0, org.springframework.boot.test.autoconfigure.properties.PropertyMappingContextCustomizer@0, org.springframework.boot.test.autoconfigure.web.servlet.WebDriverContextCustomizerFactory$Customizer@3f4d3d, org.springframework.test.context.web.socket.MockServerContainerContextCustomizer@8e7350], resourceBasePath = 'src/main/webapp', contextLoader = 'org.springframework.boot.test.context.SpringBootContextLoader', parent = [null]]]; transaction manager [org.springframework.jdbc.datasource.DataSourceTransactionManager@1852b49]; rollback [true]
""2017-01-18 11:54:36 [main] INFO  o.s.b.t.m.w.SpringBootMockServletContext - Initializing Spring FrameworkServlet ''
""2017-01-18 11:54:36 [main] INFO  o.s.t.w.s.TestDispatcherServlet - FrameworkServlet '': initialization started
""2017-01-18 11:54:36 [main] INFO  o.s.t.w.s.TestDispatcherServlet - FrameworkServlet '': initialization completed in 78 ms
""2017-01-18 11:54:36 [main] INFO  c.m.c.controller.ContactController - Request for fetching contacts that not match regex: ^$!
""2017-01-18 11:54:36 [main] INFO  c.m.c.s.impl.ContactServiceImpl - Start to fetch contacts from DB.
""2017-01-18 11:54:36 [main] INFO  c.m.c.dao.impl.ContactDaoImpl - Start to fetch contacts from Cache.
""2017-01-18 11:54:37 [main] INFO  c.mental.contactbook.entity.Contact - Created Contact instance!
""2017-01-18 11:54:37 [main] INFO  c.mental.contactbook.entity.Contact - Created Contact instance!
""2017-01-18 11:54:37 [main] INFO  c.mental.contactbook.entity.Contact - Created Contact instance!
""2017-01-18 11:54:37 [main] INFO  c.mental.contactbook.entity.Contact - Created Contact instance!
""2017-01-18 11:54:37 [main] INFO  c.mental.contactbook.entity.Contact - Created Contact instance!
""2017-01-18 11:54:37 [main] INFO  c.m.c.s.impl.ContactServiceImpl - Contacts for regex retrieved!
""2017-01-18 11:54:38 [main] INFO  o.s.t.c.t.TransactionContext - Rolled back transaction for test context [DefaultTestContext@134aada testClass = ContactControllerIT, testInstance = com.mental.contactbook.controller.ContactControllerIT@66e580, testMethod = test_getAllContactsExceptRegex@ContactControllerIT, testException = [null], mergedContextConfiguration = [WebMergedContextConfiguration@19b7cce testClass = ContactControllerIT, locations = '{}', classes = '{class com.mental.contactbook.Application, class com.mental.contactbook.Application}', contextInitializerClasses = '[]', activeProfiles = '{}', propertySourceLocations = '{}', propertySourceProperties = '{org.springframework.boot.test.context.SpringBootTestContextBootstrapper=true}', contextCustomizers = set[org.springframework.boot.test.context.SpringBootTestContextCustomizer@bd1b6a, org.springframework.boot.test.context.filter.ExcludeFilterContextCustomizer@19e13df, org.springframework.boot.test.mock.mockito.MockitoContextCustomizer@0, org.springframework.boot.test.autoconfigure.properties.PropertyMappingContextCustomizer@0, org.springframework.boot.test.autoconfigure.web.servlet.WebDriverContextCustomizerFactory$Customizer@3f4d3d, org.springframework.test.context.web.socket.MockServerContainerContextCustomizer@8e7350], resourceBasePath = 'src/main/webapp', contextLoader = 'org.springframework.boot.test.context.SpringBootContextLoader', parent = [null]]].
""2017-01-18 11:54:38 [main] INFO  o.s.t.c.t.TransactionContext - Began transaction (1) for test context [DefaultTestContext@134aada testClass = ContactControllerIT, testInstance = com.mental.contactbook.controller.ContactControllerIT@1a66a44, testMethod = test_getContactNotFound@ContactControllerIT, testException = [null], mergedContextConfiguration = [WebMergedContextConfiguration@19b7cce testClass = ContactControllerIT, locations = '{}', classes = '{class com.mental.contactbook.Application, class com.mental.contactbook.Application}', contextInitializerClasses = '[]', activeProfiles = '{}', propertySourceLocations = '{}', propertySourceProperties = '{org.springframework.boot.test.context.SpringBootTestContextBootstrapper=true}', contextCustomizers = set[org.springframework.boot.test.context.SpringBootTestContextCustomizer@bd1b6a, org.springframework.boot.test.context.filter.ExcludeFilterContextCustomizer@19e13df, org.springframework.boot.test.mock.mockito.MockitoContextCustomizer@0, org.springframework.boot.test.autoconfigure.properties.PropertyMappingContextCustomizer@0, org.springframework.boot.test.autoconfigure.web.servlet.WebDriverContextCustomizerFactory$Customizer@3f4d3d, org.springframework.test.context.web.socket.MockServerContainerContextCustomizer@8e7350], resourceBasePath = 'src/main/webapp', contextLoader = 'org.springframework.boot.test.context.SpringBootContextLoader', parent = [null]]]; transaction manager [org.springframework.jdbc.datasource.DataSourceTransactionManager@1852b49]; rollback [true]
""2017-01-18 11:54:38 [main] INFO  o.s.b.t.m.w.SpringBootMockServletContext - Initializing Spring FrameworkServlet ''
""2017-01-18 11:54:38 [main] INFO  o.s.t.w.s.TestDispatcherServlet - FrameworkServlet '': initialization started
""2017-01-18 11:54:38 [main] INFO  o.s.t.w.s.TestDispatcherServlet - FrameworkServlet '': initialization completed in 16 ms
""2017-01-18 11:54:38 [main] INFO  c.m.c.controller.ContactController - Request for fetching Contact with id: 9223372036854775807!
""2017-01-18 11:54:38 [main] INFO  c.m.c.s.impl.ContactServiceImpl - Start to fetch contact with id: 9223372036854775807.
""2017-01-18 11:54:38 [main] INFO  c.m.c.dao.impl.ContactDaoImpl - Start to fetch contacts from Cache.
""2017-01-18 11:54:38 [main] INFO  o.s.t.c.t.TransactionContext - Rolled back transaction for test context [DefaultTestContext@134aada testClass = ContactControllerIT, testInstance = com.mental.contactbook.controller.ContactControllerIT@1a66a44, testMethod = test_getContactNotFound@ContactControllerIT, testException = [null], mergedContextConfiguration = [WebMergedContextConfiguration@19b7cce testClass = ContactControllerIT, locations = '{}', classes = '{class com.mental.contactbook.Application, class com.mental.contactbook.Application}', contextInitializerClasses = '[]', activeProfiles = '{}', propertySourceLocations = '{}', propertySourceProperties = '{org.springframework.boot.test.context.SpringBootTestContextBootstrapper=true}', contextCustomizers = set[org.springframework.boot.test.context.SpringBootTestContextCustomizer@bd1b6a, org.springframework.boot.test.context.filter.ExcludeFilterContextCustomizer@19e13df, org.springframework.boot.test.mock.mockito.MockitoContextCustomizer@0, org.springframework.boot.test.autoconfigure.properties.PropertyMappingContextCustomizer@0, org.springframework.boot.test.autoconfigure.web.servlet.WebDriverContextCustomizerFactory$Customizer@3f4d3d, org.springframework.test.context.web.socket.MockServerContainerContextCustomizer@8e7350], resourceBasePath = 'src/main/webapp', contextLoader = 'org.springframework.boot.test.context.SpringBootContextLoader', parent = [null]]].
""2017-01-18 11:54:38 [main] INFO  o.s.t.c.t.TransactionContext - Began transaction (1) for test context [DefaultTestContext@134aada testClass = ContactControllerIT, testInstance = com.mental.contactbook.controller.ContactControllerIT@88a3e8, testMethod = test_getContact@ContactControllerIT, testException = [null], mergedContextConfiguration = [WebMergedContextConfiguration@19b7cce testClass = ContactControllerIT, locations = '{}', classes = '{class com.mental.contactbook.Application, class com.mental.contactbook.Application}', contextInitializerClasses = '[]', activeProfiles = '{}', propertySourceLocations = '{}', propertySourceProperties = '{org.springframework.boot.test.context.SpringBootTestContextBootstrapper=true}', contextCustomizers = set[org.springframework.boot.test.context.SpringBootTestContextCustomizer@bd1b6a, org.springframework.boot.test.context.filter.ExcludeFilterContextCustomizer@19e13df, org.springframework.boot.test.mock.mockito.MockitoContextCustomizer@0, org.springframework.boot.test.autoconfigure.properties.PropertyMappingContextCustomizer@0, org.springframework.boot.test.autoconfigure.web.servlet.WebDriverContextCustomizerFactory$Customizer@3f4d3d, org.springframework.test.context.web.socket.MockServerContainerContextCustomizer@8e7350], resourceBasePath = 'src/main/webapp', contextLoader = 'org.springframework.boot.test.context.SpringBootContextLoader', parent = [null]]]; transaction manager [org.springframework.jdbc.datasource.DataSourceTransactionManager@1852b49]; rollback [true]
""2017-01-18 11:54:38 [main] INFO  o.s.b.t.m.w.SpringBootMockServletContext - Initializing Spring FrameworkServlet ''
""2017-01-18 11:54:38 [main] INFO  o.s.t.w.s.TestDispatcherServlet - FrameworkServlet '': initialization started
""2017-01-18 11:54:38 [main] INFO  o.s.t.w.s.TestDispatcherServlet - FrameworkServlet '': initialization completed in 0 ms
""2017-01-18 11:54:38 [main] INFO  c.m.c.controller.ContactController - Request for fetching Contact with id: 1!
""2017-01-18 11:54:38 [main] INFO  c.m.c.s.impl.ContactServiceImpl - Start to fetch contact with id: 1.
""2017-01-18 11:54:38 [main] INFO  c.m.c.dao.impl.ContactDaoImpl - Start to fetch contacts from Cache.
""2017-01-18 11:54:38 [main] INFO  c.m.c.s.impl.ContactServiceImpl - Contact found and retrieved!
""2017-01-18 11:54:38 [main] INFO  c.m.c.controller.ContactController - Adding resource to contact
""2017-01-18 11:54:38 [main] INFO  c.m.c.controller.ContactController - Resource created with contact: Contact [id=1, name=Alexander]
""2017-01-18 11:54:38 [main] INFO  o.s.t.c.t.TransactionContext - Rolled back transaction for test context [DefaultTestContext@134aada testClass = ContactControllerIT, testInstance = com.mental.contactbook.controller.ContactControllerIT@88a3e8, testMethod = test_getContact@ContactControllerIT, testException = [null], mergedContextConfiguration = [WebMergedContextConfiguration@19b7cce testClass = ContactControllerIT, locations = '{}', classes = '{class com.mental.contactbook.Application, class com.mental.contactbook.Application}', contextInitializerClasses = '[]', activeProfiles = '{}', propertySourceLocations = '{}', propertySourceProperties = '{org.springframework.boot.test.context.SpringBootTestContextBootstrapper=true}', contextCustomizers = set[org.springframework.boot.test.context.SpringBootTestContextCustomizer@bd1b6a, org.springframework.boot.test.context.filter.ExcludeFilterContextCustomizer@19e13df, org.springframework.boot.test.mock.mockito.MockitoContextCustomizer@0, org.springframework.boot.test.autoconfigure.properties.PropertyMappingContextCustomizer@0, org.springframework.boot.test.autoconfigure.web.servlet.WebDriverContextCustomizerFactory$Customizer@3f4d3d, org.springframework.test.context.web.socket.MockServerContainerContextCustomizer@8e7350], resourceBasePath = 'src/main/webapp', contextLoader = 'org.springframework.boot.test.context.SpringBootContextLoader', parent = [null]]].
""2017-01-18 11:54:38 [main] INFO  o.s.t.c.t.TransactionContext - Began transaction (1) for test context [DefaultTestContext@134aada testClass = ContactControllerIT, testInstance = com.mental.contactbook.controller.ContactControllerIT@11a4795, testMethod = test_getContacts@ContactControllerIT, testException = [null], mergedContextConfiguration = [WebMergedContextConfiguration@19b7cce testClass = ContactControllerIT, locations = '{}', classes = '{class com.mental.contactbook.Application, class com.mental.contactbook.Application}', contextInitializerClasses = '[]', activeProfiles = '{}', propertySourceLocations = '{}', propertySourceProperties = '{org.springframework.boot.test.context.SpringBootTestContextBootstrapper=true}', contextCustomizers = set[org.springframework.boot.test.context.SpringBootTestContextCustomizer@bd1b6a, org.springframework.boot.test.context.filter.ExcludeFilterContextCustomizer@19e13df, org.springframework.boot.test.mock.mockito.MockitoContextCustomizer@0, org.springframework.boot.test.autoconfigure.properties.PropertyMappingContextCustomizer@0, org.springframework.boot.test.autoconfigure.web.servlet.WebDriverContextCustomizerFactory$Customizer@3f4d3d, org.springframework.test.context.web.socket.MockServerContainerContextCustomizer@8e7350], resourceBasePath = 'src/main/webapp', contextLoader = 'org.springframework.boot.test.context.SpringBootContextLoader', parent = [null]]]; transaction manager [org.springframework.jdbc.datasource.DataSourceTransactionManager@1852b49]; rollback [true]
""2017-01-18 11:54:38 [main] INFO  o.s.b.t.m.w.SpringBootMockServletContext - Initializing Spring FrameworkServlet ''
""2017-01-18 11:54:38 [main] INFO  o.s.t.w.s.TestDispatcherServlet - FrameworkServlet '': initialization started
""2017-01-18 11:54:38 [main] INFO  o.s.t.w.s.TestDispatcherServlet - FrameworkServlet '': initialization completed in 16 ms
""2017-01-18 11:54:38 [main] INFO  c.m.c.controller.ContactController - Request for fetching all Contacts.
""2017-01-18 11:54:38 [main] INFO  c.m.c.s.impl.ContactServiceImpl - Start to fetch contacts from DB.
""2017-01-18 11:54:38 [main] INFO  c.m.c.dao.impl.ContactDaoImpl - Start to fetch contacts from Cache.
""2017-01-18 11:54:38 [main] INFO  c.m.c.s.impl.ContactServiceImpl - Contacts retrieved!
""2017-01-18 11:54:38 [main] INFO  o.s.t.c.t.TransactionContext - Rolled back transaction for test context [DefaultTestContext@134aada testClass = ContactControllerIT, testInstance = com.mental.contactbook.controller.ContactControllerIT@11a4795, testMethod = test_getContacts@ContactControllerIT, testException = [null], mergedContextConfiguration = [WebMergedContextConfiguration@19b7cce testClass = ContactControllerIT, locations = '{}', classes = '{class com.mental.contactbook.Application, class com.mental.contactbook.Application}', contextInitializerClasses = '[]', activeProfiles = '{}', propertySourceLocations = '{}', propertySourceProperties = '{org.springframework.boot.test.context.SpringBootTestContextBootstrapper=true}', contextCustomizers = set[org.springframework.boot.test.context.SpringBootTestContextCustomizer@bd1b6a, org.springframework.boot.test.context.filter.ExcludeFilterContextCustomizer@19e13df, org.springframework.boot.test.mock.mockito.MockitoContextCustomizer@0, org.springframework.boot.test.autoconfigure.properties.PropertyMappingContextCustomizer@0, org.springframework.boot.test.autoconfigure.web.servlet.WebDriverContextCustomizerFactory$Customizer@3f4d3d, org.springframework.test.context.web.socket.MockServerContainerContextCustomizer@8e7350], resourceBasePath = 'src/main/webapp', contextLoader = 'org.springframework.boot.test.context.SpringBootContextLoader', parent = [null]]].
""2017-01-18 11:54:38 [main] INFO  c.mental.contactbook.entity.Contact - Created Contact instance with id:1 and name: Test!
""2017-01-18 11:54:38 [main] INFO  c.m.c.c.ContactControllerMockTest - Starting ContactControllerMockTest on aleksandrk with PID 1452 (started by AleksandrK in C:\Documents and Settings\aleksandrk\workspace\contactbook)
""2017-01-18 11:54:38 [main] INFO  c.m.c.c.ContactControllerMockTest - No active profile set, falling back to default profiles: default
""2017-01-18 11:54:42 [main] INFO  o.s.b.t.m.w.SpringBootMockServletContext - Initializing Spring FrameworkServlet ''
""2017-01-18 11:54:42 [main] INFO  o.s.t.w.s.TestDispatcherServlet - FrameworkServlet '': initialization started
""2017-01-18 11:54:42 [main] INFO  o.s.t.w.s.TestDispatcherServlet - FrameworkServlet '': initialization completed in 0 ms
""2017-01-18 11:54:42 [main] INFO  c.m.c.c.ContactControllerMockTest - Started ContactControllerMockTest in 3.797 seconds (JVM running for 33.285)
""2017-01-18 11:54:42 [main] INFO  c.m.c.controller.ContactController - Request for fetching contacts that not match regex: ^$!
""2017-01-18 11:54:42 [main] INFO  c.m.c.controller.ContactController - Request for fetching Contact with id: 9223372036854775807!
""2017-01-18 11:54:42 [main] INFO  c.m.c.controller.ContactController - Request for fetching Contact with id: 1!
""2017-01-18 11:54:42 [main] INFO  c.m.c.controller.ContactController - Request for fetching all Contacts.
""2017-01-18 11:54:42 [main] INFO  c.mental.contactbook.entity.Contact - Created Contact instance!
""2017-01-18 11:54:43 [main] INFO  c.m.c.dao.impl.ContactDaoImplTest - Starting ContactDaoImplTest on aleksandrk with PID 1452 (started by AleksandrK in C:\Documents and Settings\aleksandrk\workspace\contactbook)
""2017-01-18 11:54:43 [main] INFO  c.m.c.dao.impl.ContactDaoImplTest - No active profile set, falling back to default profiles: default
""2017-01-18 11:54:44 [main] INFO  o.s.c.s.PostProcessorRegistrationDelegate$BeanPostProcessorChecker - Bean 'org.springframework.cache.annotation.ProxyCachingConfiguration' of type [class org.springframework.cache.annotation.ProxyCachingConfiguration$$EnhancerBySpringCGLIB$$4ff294e2] is not eligible for getting processed by all BeanPostProcessors (for example: not eligible for auto-proxying)
""2017-01-18 11:54:44 [main] INFO  o.s.c.s.PostProcessorRegistrationDelegate$BeanPostProcessorChecker - Bean 'org.springframework.transaction.annotation.ProxyTransactionManagementConfiguration' of type [class org.springframework.transaction.annotation.ProxyTransactionManagementConfiguration$$EnhancerBySpringCGLIB$$6e05ec4] is not eligible for getting processed by all BeanPostProcessors (for example: not eligible for auto-proxying)
""2017-01-18 11:54:47 [main] INFO  c.m.c.dao.impl.ContactDaoImplTest - Started ContactDaoImplTest in 4.328 seconds (JVM running for 38.257)
""2017-01-18 11:54:47 [main] INFO  c.mental.contactbook.entity.Contact - Created Contact instance with id:1 and name: Test!
""2017-01-18 11:54:47 [main] INFO  c.m.c.controller.ContactController - Adding resource to contact
""2017-01-18 11:54:47 [main] INFO  c.m.c.controller.ContactController - Resource created with contact: Contact [id=1, name=Test]
""2017-01-18 11:54:47 [main] INFO  c.mental.contactbook.entity.Contact - Created Contact instance with id:1 and name: Test!
""2017-01-18 11:54:47 [main] INFO  c.m.c.s.impl.ContactServiceImpl - Start to fetch contacts from DB.
""2017-01-18 11:54:47 [main] INFO  c.m.c.s.impl.ContactServiceImpl - Contacts for regex retrieved!
""2017-01-18 11:54:47 [main] INFO  c.m.c.s.impl.ContactServiceImpl - Start to fetch contact with id: 1.
""2017-01-18 11:54:47 [main] INFO  c.m.c.s.impl.ContactServiceImpl - Contact found and retrieved!
""2017-01-18 11:54:47 [main] INFO  c.m.c.s.impl.ContactServiceImpl - Start to fetch contacts from DB.
""2017-01-18 11:54:47 [main] INFO  c.m.c.s.impl.ContactServiceImpl - Contacts retrieved!
""2017-01-18 11:54:47 [main] INFO  c.m.c.dao.impl.ContactDaoImpl - Start to fetch contacts from Cache.
""2017-01-18 11:54:49 [main] INFO  c.mental.contactbook.entity.Contact - Created Contact instance!
""2017-01-18 11:54:49 [main] INFO  c.mental.contactbook.entity.Contact - Created Contact instance!
""2017-01-18 11:54:49 [main] INFO  c.mental.contactbook.entity.Contact - Created Contact instance!
""2017-01-18 11:54:49 [main] INFO  c.mental.contactbook.entity.Contact - Created Contact instance!
""2017-01-18 11:54:49 [main] INFO  c.mental.contactbook.entity.Contact - Created Contact instance!
""2017-01-18 11:56:50 [main] INFO  c.m.c.c.ContactControllerMockTest - Starting ContactControllerMockTest on aleksandrk with PID 608 (started by AleksandrK in C:\Documents and Settings\aleksandrk\workspace\contactbook)
""2017-01-18 11:56:50 [main] INFO  c.m.c.c.ContactControllerMockTest - No active profile set, falling back to default profiles: default
""2017-01-18 11:56:59 [main] INFO  o.s.b.t.m.w.SpringBootMockServletContext - Initializing Spring FrameworkServlet ''
""2017-01-18 11:56:59 [main] INFO  o.s.t.w.s.TestDispatcherServlet - FrameworkServlet '': initialization started
""2017-01-18 11:56:59 [main] INFO  o.s.t.w.s.TestDispatcherServlet - FrameworkServlet '': initialization completed in 47 ms
""2017-01-18 11:57:00 [main] INFO  c.m.c.c.ContactControllerMockTest - Started ContactControllerMockTest in 11.328 seconds (JVM running for 16.342)
""2017-01-18 11:57:00 [main] INFO  c.m.c.controller.ContactController - Request for fetching contacts that not match regex: ^$!
""2017-01-18 11:57:01 [main] INFO  c.m.c.controller.ContactController - Request for fetching Contact with id: 9223372036854775807!
""2017-01-18 11:57:01 [main] INFO  c.m.c.controller.ContactController - Request for fetching Contact with id: 1!
""2017-01-18 11:57:01 [main] INFO  c.m.c.controller.ContactController - Request for fetching all Contacts.
""2017-01-18 11:57:01 [main] INFO  o.s.b.t.c.SpringBootTestContextBootstrapper - Neither @ContextConfiguration nor @ContextHierarchy found for test class [com.mental.contactbook.controller.ContactResourceAssemblerTest], using SpringBootContextLoader
""2017-01-18 11:57:01 [main] INFO  o.s.t.c.s.AbstractContextLoader - Could not detect default resource locations for test class [com.mental.contactbook.controller.ContactResourceAssemblerTest]: no resource found for suffixes {-context.xml, Context.groovy}.
""2017-01-18 11:57:01 [main] INFO  o.s.b.t.c.SpringBootTestContextBootstrapper - Loaded default TestExecutionListener class names from location [META-INF/spring.factories]: [org.springframework.boot.test.mock.mockito.MockitoTestExecutionListener, org.springframework.boot.test.mock.mockito.ResetMocksTestExecutionListener, org.springframework.boot.test.autoconfigure.restdocs.RestDocsTestExecutionListener, org.springframework.boot.test.autoconfigure.web.client.MockRestServiceServerResetTestExecutionListener, org.springframework.boot.test.autoconfigure.web.servlet.MockMvcPrintOnlyOnFailureTestExecutionListener, org.springframework.boot.test.autoconfigure.web.servlet.WebDriverTestExecutionListener, org.springframework.test.context.web.ServletTestExecutionListener, org.springframework.test.context.support.DirtiesContextBeforeModesTestExecutionListener, org.springframework.test.context.support.DependencyInjectionTestExecutionListener, org.springframework.test.context.support.DirtiesContextTestExecutionListener, org.springframework.test.context.transaction.TransactionalTestExecutionListener, org.springframework.test.context.jdbc.SqlScriptsTestExecutionListener]
""2017-01-18 11:57:01 [main] INFO  o.s.b.t.c.SpringBootTestContextBootstrapper - Using TestExecutionListeners: [org.springframework.test.context.web.ServletTestExecutionListener@8b6035, org.springframework.test.context.support.DirtiesContextBeforeModesTestExecutionListener@a34e9f, org.springframework.boot.test.autoconfigure.SpringBootDependencyInjectionTestExecutionListener@16621e3, org.springframework.test.context.support.DirtiesContextTestExecutionListener@1c05ea2, org.springframework.test.context.transaction.TransactionalTestExecutionListener@891ba7, org.springframework.test.context.jdbc.SqlScriptsTestExecutionListener@40651f, org.springframework.boot.test.autoconfigure.web.servlet.WebDriverTestExecutionListener@f7298d, org.springframework.boot.test.mock.mockito.ResetMocksTestExecutionListener@1ff55ff, org.springframework.boot.test.autoconfigure.restdocs.RestDocsTestExecutionListener@11f2244, org.springframework.boot.test.autoconfigure.web.client.MockRestServiceServerResetTestExecutionListener@96c165, org.springframework.boot.test.mock.mockito.MockitoTestExecutionListener@1a8313b, org.springframework.boot.test.autoconfigure.web.servlet.MockMvcPrintOnlyOnFailureTestExecutionListener@3d65c]
""2017-01-18 11:57:01 [main] INFO  c.m.c.c.ContactResourceAssemblerTest - Starting ContactResourceAssemblerTest on aleksandrk with PID 608 (started by AleksandrK in C:\Documents and Settings\aleksandrk\workspace\contactbook)
""2017-01-18 11:57:01 [main] INFO  c.m.c.c.ContactResourceAssemblerTest - No active profile set, falling back to default profiles: default
""2017-01-18 11:57:03 [main] INFO  o.s.c.s.PostProcessorRegistrationDelegate$BeanPostProcessorChecker - Bean 'org.springframework.cache.annotation.ProxyCachingConfiguration' of type [class org.springframework.cache.annotation.ProxyCachingConfiguration$$EnhancerBySpringCGLIB$$9d698075] is not eligible for getting processed by all BeanPostProcessors (for example: not eligible for auto-proxying)
""2017-01-18 11:57:03 [main] INFO  o.s.c.s.PostProcessorRegistrationDelegate$BeanPostProcessorChecker - Bean 'org.springframework.transaction.annotation.ProxyTransactionManagementConfiguration' of type [class org.springframework.transaction.annotation.ProxyTransactionManagementConfiguration$$EnhancerBySpringCGLIB$$54574a57] is not eligible for getting processed by all BeanPostProcessors (for example: not eligible for auto-proxying)
""2017-01-18 11:57:07 [main] INFO  c.m.c.c.ContactResourceAssemblerTest - Started ContactResourceAssemblerTest in 6.203 seconds (JVM running for 23.986)
""2017-01-18 11:57:07 [main] INFO  c.mental.contactbook.entity.Contact - Created Contact instance with id:1 and name: Test!
""2017-01-18 11:57:07 [main] INFO  c.m.c.controller.ContactController - Adding resource to contact
""2017-01-18 11:57:07 [main] INFO  c.m.c.controller.ContactController - Resource created with contact: Contact [id=1, name=Test]
""2017-01-18 11:57:07 [main] INFO  o.s.b.t.c.SpringBootTestContextBootstrapper - Neither @ContextConfiguration nor @ContextHierarchy found for test class [com.mental.contactbook.dao.impl.ContactDaoImplTest], using SpringBootContextLoader
""2017-01-18 11:57:07 [main] INFO  o.s.t.c.s.AbstractContextLoader - Could not detect default resource locations for test class [com.mental.contactbook.dao.impl.ContactDaoImplTest]: no resource found for suffixes {-context.xml, Context.groovy}.
""2017-01-18 11:57:07 [main] INFO  o.s.b.t.c.SpringBootTestContextBootstrapper - Loaded default TestExecutionListener class names from location [META-INF/spring.factories]: [org.springframework.boot.test.mock.mockito.MockitoTestExecutionListener, org.springframework.boot.test.mock.mockito.ResetMocksTestExecutionListener, org.springframework.boot.test.autoconfigure.restdocs.RestDocsTestExecutionListener, org.springframework.boot.test.autoconfigure.web.client.MockRestServiceServerResetTestExecutionListener, org.springframework.boot.test.autoconfigure.web.servlet.MockMvcPrintOnlyOnFailureTestExecutionListener, org.springframework.boot.test.autoconfigure.web.servlet.WebDriverTestExecutionListener, org.springframework.test.context.web.ServletTestExecutionListener, org.springframework.test.context.support.DirtiesContextBeforeModesTestExecutionListener, org.springframework.test.context.support.DependencyInjectionTestExecutionListener, org.springframework.test.context.support.DirtiesContextTestExecutionListener, org.springframework.test.context.transaction.TransactionalTestExecutionListener, org.springframework.test.context.jdbc.SqlScriptsTestExecutionListener]
""2017-01-18 11:57:08 [main] INFO  o.s.b.t.c.SpringBootTestContextBootstrapper - Using TestExecutionListeners: [org.springframework.test.context.web.ServletTestExecutionListener@140e316, org.springframework.test.context.support.DirtiesContextBeforeModesTestExecutionListener@15a4aed, org.springframework.boot.test.autoconfigure.SpringBootDependencyInjectionTestExecutionListener@991465, org.springframework.test.context.support.DirtiesContextTestExecutionListener@1ef2aac, org.springframework.test.context.transaction.TransactionalTestExecutionListener@1973a14, org.springframework.test.context.jdbc.SqlScriptsTestExecutionListener@130a29, org.springframework.boot.test.autoconfigure.web.servlet.WebDriverTestExecutionListener@4d02b2, org.springframework.boot.test.mock.mockito.ResetMocksTestExecutionListener@51f01d, org.springframework.boot.test.autoconfigure.restdocs.RestDocsTestExecutionListener@503b19, org.springframework.boot.test.autoconfigure.web.client.MockRestServiceServerResetTestExecutionListener@fc2538, org.springframework.boot.test.mock.mockito.MockitoTestExecutionListener@deec87, org.springframework.boot.test.autoconfigure.web.servlet.MockMvcPrintOnlyOnFailureTestExecutionListener@1342959]
""2017-01-18 11:57:08 [main] INFO  c.mental.contactbook.entity.Contact - Created Contact instance!
""2017-01-18 11:57:08 [main] INFO  c.mental.contactbook.entity.Contact - Created Contact instance with id:1 and name: Test!
""2017-01-18 11:57:08 [main] INFO  c.m.c.s.impl.ContactServiceImpl - Start to fetch contacts from DB.
""2017-01-18 11:57:08 [main] INFO  c.m.c.s.impl.ContactServiceImpl - Contacts for regex retrieved!
""2017-01-18 11:57:08 [main] INFO  c.m.c.s.impl.ContactServiceImpl - Start to fetch contact with id: 1.
""2017-01-18 11:57:08 [main] INFO  c.m.c.s.impl.ContactServiceImpl - Contact found and retrieved!
""2017-01-18 11:57:08 [main] INFO  c.m.c.s.impl.ContactServiceImpl - Start to fetch contacts from DB.
""2017-01-18 11:57:08 [main] INFO  c.m.c.s.impl.ContactServiceImpl - Contacts retrieved!
""2017-01-18 11:57:54 [main] INFO  c.m.c.c.ContactControllerMockTest - Starting ContactControllerMockTest on aleksandrk with PID 1416 (started by AleksandrK in C:\Documents and Settings\aleksandrk\workspace\contactbook)
""2017-01-18 11:57:54 [main] INFO  c.m.c.c.ContactControllerMockTest - No active profile set, falling back to default profiles: default
""2017-01-18 11:58:00 [main] INFO  o.s.b.t.m.w.SpringBootMockServletContext - Initializing Spring FrameworkServlet ''
""2017-01-18 11:58:00 [main] INFO  o.s.t.w.s.TestDispatcherServlet - FrameworkServlet '': initialization started
""2017-01-18 11:58:00 [main] INFO  o.s.t.w.s.TestDispatcherServlet - FrameworkServlet '': initialization completed in 78 ms
""2017-01-18 11:58:00 [main] INFO  c.m.c.c.ContactControllerMockTest - Started ContactControllerMockTest in 7.813 seconds (JVM running for 11.116)
""2017-01-18 11:58:00 [main] INFO  c.m.c.controller.ContactController - Request for fetching contacts that not match regex: ^$!
""2017-01-18 11:58:01 [main] INFO  c.m.c.controller.ContactController - Request for fetching Contact with id: 9223372036854775807!
""2017-01-18 11:58:01 [main] INFO  c.m.c.controller.ContactController - Request for fetching Contact with id: 1!
""2017-01-18 11:58:01 [main] INFO  c.m.c.controller.ContactController - Request for fetching all Contacts.
""2017-01-18 11:58:01 [main] INFO  o.s.b.t.c.SpringBootTestContextBootstrapper - Neither @ContextConfiguration nor @ContextHierarchy found for test class [com.mental.contactbook.controller.ContactResourceAssemblerTest], using SpringBootContextLoader
""2017-01-18 11:58:01 [main] INFO  o.s.t.c.s.AbstractContextLoader - Could not detect default resource locations for test class [com.mental.contactbook.controller.ContactResourceAssemblerTest]: no resource found for suffixes {-context.xml, Context.groovy}.
""2017-01-18 11:58:01 [main] INFO  o.s.b.t.c.SpringBootTestContextBootstrapper - Loaded default TestExecutionListener class names from location [META-INF/spring.factories]: [org.springframework.boot.test.mock.mockito.MockitoTestExecutionListener, org.springframework.boot.test.mock.mockito.ResetMocksTestExecutionListener, org.springframework.boot.test.autoconfigure.restdocs.RestDocsTestExecutionListener, org.springframework.boot.test.autoconfigure.web.client.MockRestServiceServerResetTestExecutionListener, org.springframework.boot.test.autoconfigure.web.servlet.MockMvcPrintOnlyOnFailureTestExecutionListener, org.springframework.boot.test.autoconfigure.web.servlet.WebDriverTestExecutionListener, org.springframework.test.context.web.ServletTestExecutionListener, org.springframework.test.context.support.DirtiesContextBeforeModesTestExecutionListener, org.springframework.test.context.support.DependencyInjectionTestExecutionListener, org.springframework.test.context.support.DirtiesContextTestExecutionListener, org.springframework.test.context.transaction.TransactionalTestExecutionListener, org.springframework.test.context.jdbc.SqlScriptsTestExecutionListener]
""2017-01-18 11:58:01 [main] INFO  o.s.b.t.c.SpringBootTestContextBootstrapper - Using TestExecutionListeners: [org.springframework.test.context.web.ServletTestExecutionListener@1453e63, org.springframework.test.context.support.DirtiesContextBeforeModesTestExecutionListener@9bdee9, org.springframework.boot.test.autoconfigure.SpringBootDependencyInjectionTestExecutionListener@fbf561, org.springframework.test.context.support.DirtiesContextTestExecutionListener@198635e, org.springframework.test.context.transaction.TransactionalTestExecutionListener@1c8f6e8, org.springframework.test.context.jdbc.SqlScriptsTestExecutionListener@10615ae, org.springframework.boot.test.autoconfigure.web.servlet.WebDriverTestExecutionListener@73b552, org.springframework.boot.test.mock.mockito.ResetMocksTestExecutionListener@1dad51, org.springframework.boot.test.autoconfigure.restdocs.RestDocsTestExecutionListener@ec704c, org.springframework.boot.test.autoconfigure.web.client.MockRestServiceServerResetTestExecutionListener@11cbb1a, org.springframework.boot.test.mock.mockito.MockitoTestExecutionListener@16498e, org.springframework.boot.test.autoconfigure.web.servlet.MockMvcPrintOnlyOnFailureTestExecutionListener@12e0f78]
""2017-01-18 11:58:01 [main] INFO  c.m.c.c.ContactResourceAssemblerTest - Starting ContactResourceAssemblerTest on aleksandrk with PID 1416 (started by AleksandrK in C:\Documents and Settings\aleksandrk\workspace\contactbook)
""2017-01-18 11:58:01 [main] INFO  c.m.c.c.ContactResourceAssemblerTest - No active profile set, falling back to default profiles: default
""2017-01-18 11:58:04 [main] INFO  o.s.c.s.PostProcessorRegistrationDelegate$BeanPostProcessorChecker - Bean 'org.springframework.cache.annotation.ProxyCachingConfiguration' of type [class org.springframework.cache.annotation.ProxyCachingConfiguration$$EnhancerBySpringCGLIB$$349825e] is not eligible for getting processed by all BeanPostProcessors (for example: not eligible for auto-proxying)
""2017-01-18 11:58:04 [main] INFO  o.s.c.s.PostProcessorRegistrationDelegate$BeanPostProcessorChecker - Bean 'org.springframework.transaction.annotation.ProxyTransactionManagementConfiguration' of type [class org.springframework.transaction.annotation.ProxyTransactionManagementConfiguration$$EnhancerBySpringCGLIB$$ba374c40] is not eligible for getting processed by all BeanPostProcessors (for example: not eligible for auto-proxying)
""2017-01-18 11:58:07 [main] INFO  c.m.c.c.ContactResourceAssemblerTest - Started ContactResourceAssemblerTest in 5.828 seconds (JVM running for 17.805)
""2017-01-18 11:58:07 [main] INFO  c.mental.contactbook.entity.Contact - Created Contact instance with id:1 and name: Test!
""2017-01-18 11:58:07 [main] INFO  c.m.c.controller.ContactController - Adding resource to contact
""2017-01-18 11:58:07 [main] INFO  c.m.c.controller.ContactController - Resource created with contact: Contact [id=1, name=Test]
""2017-01-18 11:58:07 [main] INFO  o.s.b.t.c.SpringBootTestContextBootstrapper - Neither @ContextConfiguration nor @ContextHierarchy found for test class [com.mental.contactbook.dao.impl.ContactDaoImplTest], using SpringBootContextLoader
""2017-01-18 11:58:07 [main] INFO  o.s.t.c.s.AbstractContextLoader - Could not detect default resource locations for test class [com.mental.contactbook.dao.impl.ContactDaoImplTest]: no resource found for suffixes {-context.xml, Context.groovy}.
""2017-01-18 11:58:07 [main] INFO  o.s.b.t.c.SpringBootTestContextBootstrapper - Loaded default TestExecutionListener class names from location [META-INF/spring.factories]: [org.springframework.boot.test.mock.mockito.MockitoTestExecutionListener, org.springframework.boot.test.mock.mockito.ResetMocksTestExecutionListener, org.springframework.boot.test.autoconfigure.restdocs.RestDocsTestExecutionListener, org.springframework.boot.test.autoconfigure.web.client.MockRestServiceServerResetTestExecutionListener, org.springframework.boot.test.autoconfigure.web.servlet.MockMvcPrintOnlyOnFailureTestExecutionListener, org.springframework.boot.test.autoconfigure.web.servlet.WebDriverTestExecutionListener, org.springframework.test.context.web.ServletTestExecutionListener, org.springframework.test.context.support.DirtiesContextBeforeModesTestExecutionListener, org.springframework.test.context.support.DependencyInjectionTestExecutionListener, org.springframework.test.context.support.DirtiesContextTestExecutionListener, org.springframework.test.context.transaction.TransactionalTestExecutionListener, org.springframework.test.context.jdbc.SqlScriptsTestExecutionListener]
""2017-01-18 11:58:07 [main] INFO  o.s.b.t.c.SpringBootTestContextBootstrapper - Using TestExecutionListeners: [org.springframework.test.context.web.ServletTestExecutionListener@1b53256, org.springframework.test.context.support.DirtiesContextBeforeModesTestExecutionListener@16d1d42, org.springframework.boot.test.autoconfigure.SpringBootDependencyInjectionTestExecutionListener@1329d2a, org.springframework.test.context.support.DirtiesContextTestExecutionListener@178e022, org.springframework.test.context.transaction.TransactionalTestExecutionListener@1894ad9, org.springframework.test.context.jdbc.SqlScriptsTestExecutionListener@fbd567, org.springframework.boot.test.autoconfigure.web.servlet.WebDriverTestExecutionListener@193c8df, org.springframework.boot.test.mock.mockito.ResetMocksTestExecutionListener@1545c3f, org.springframework.boot.test.autoconfigure.restdocs.RestDocsTestExecutionListener@6e0b8e, org.springframework.boot.test.autoconfigure.web.client.MockRestServiceServerResetTestExecutionListener@baa049, org.springframework.boot.test.mock.mockito.MockitoTestExecutionListener@1184371, org.springframework.boot.test.autoconfigure.web.servlet.MockMvcPrintOnlyOnFailureTestExecutionListener@585ac9]
""2017-01-18 11:58:07 [main] INFO  c.mental.contactbook.entity.Contact - Created Contact instance!
""2017-01-18 11:58:07 [main] INFO  c.mental.contactbook.entity.Contact - Created Contact instance with id:1 and name: Test!
""2017-01-18 11:58:07 [main] INFO  c.m.c.s.impl.ContactServiceImpl - Start to fetch contacts from DB.
""2017-01-18 11:58:07 [main] INFO  c.m.c.s.impl.ContactServiceImpl - Contacts for regex retrieved!
""2017-01-18 11:58:07 [main] INFO  c.m.c.s.impl.ContactServiceImpl - Start to fetch contact with id: 1.
""2017-01-18 11:58:07 [main] INFO  c.m.c.s.impl.ContactServiceImpl - Contact found and retrieved!
""2017-01-18 11:58:07 [main] INFO  c.m.c.s.impl.ContactServiceImpl - Start to fetch contacts from DB.
""2017-01-18 11:58:07 [main] INFO  c.m.c.s.impl.ContactServiceImpl - Contacts retrieved!
""2017-01-18 11:58:35 [main] INFO  c.m.c.controller.ContactControllerIT - Starting ContactControllerIT on aleksandrk with PID 5500 (started by AleksandrK in C:\Documents and Settings\aleksandrk\workspace\contactbook)
""2017-01-18 11:58:35 [main] INFO  c.m.c.controller.ContactControllerIT - No active profile set, falling back to default profiles: default
""2017-01-18 11:58:40 [main] INFO  o.s.c.s.PostProcessorRegistrationDelegate$BeanPostProcessorChecker - Bean 'org.springframework.cache.annotation.ProxyCachingConfiguration' of type [class org.springframework.cache.annotation.ProxyCachingConfiguration$$EnhancerBySpringCGLIB$$b7a5f43f] is not eligible for getting processed by all BeanPostProcessors (for example: not eligible for auto-proxying)
""2017-01-18 11:58:40 [main] INFO  o.s.c.s.PostProcessorRegistrationDelegate$BeanPostProcessorChecker - Bean 'org.springframework.transaction.annotation.ProxyTransactionManagementConfiguration' of type [class org.springframework.transaction.annotation.ProxyTransactionManagementConfiguration$$EnhancerBySpringCGLIB$$6e93be21] is not eligible for getting processed by all BeanPostProcessors (for example: not eligible for auto-proxying)
""2017-01-18 11:58:46 [main] INFO  c.m.c.controller.ContactControllerIT - Started ContactControllerIT in 12.25 seconds (JVM running for 14.722)
""2017-01-18 11:58:48 [main] INFO  o.s.t.c.t.TransactionContext - Began transaction (1) for test context [DefaultTestContext@25a92e testClass = ContactControllerIT, testInstance = com.mental.contactbook.controller.ContactControllerIT@187455b, testMethod = test_getAllContactsExceptRegex@ContactControllerIT, testException = [null], mergedContextConfiguration = [WebMergedContextConfiguration@1f828d7 testClass = ContactControllerIT, locations = '{}', classes = '{class com.mental.contactbook.Application, class com.mental.contactbook.Application}', contextInitializerClasses = '[]', activeProfiles = '{}', propertySourceLocations = '{}', propertySourceProperties = '{org.springframework.boot.test.context.SpringBootTestContextBootstrapper=true}', contextCustomizers = set[org.springframework.boot.test.context.SpringBootTestContextCustomizer@11fba17, org.springframework.boot.test.context.filter.ExcludeFilterContextCustomizer@15eadca, org.springframework.boot.test.mock.mockito.MockitoContextCustomizer@0, org.springframework.boot.test.autoconfigure.properties.PropertyMappingContextCustomizer@0, org.springframework.boot.test.autoconfigure.web.servlet.WebDriverContextCustomizerFactory$Customizer@d2dae5, org.springframework.test.context.web.socket.MockServerContainerContextCustomizer@121e813], resourceBasePath = 'src/main/webapp', contextLoader = 'org.springframework.boot.test.context.SpringBootContextLoader', parent = [null]]]; transaction manager [org.springframework.jdbc.datasource.DataSourceTransactionManager@2fdb81]; rollback [true]
""2017-01-18 11:58:48 [main] INFO  o.s.b.t.m.w.SpringBootMockServletContext - Initializing Spring FrameworkServlet ''
""2017-01-18 11:58:48 [main] INFO  o.s.t.w.s.TestDispatcherServlet - FrameworkServlet '': initialization started
""2017-01-18 11:58:48 [main] INFO  o.s.t.w.s.TestDispatcherServlet - FrameworkServlet '': initialization completed in 62 ms
""2017-01-18 11:58:48 [main] INFO  c.m.c.controller.ContactController - Request for fetching contacts that not match regex: ^$!
""2017-01-18 11:58:49 [main] INFO  c.m.c.s.impl.ContactServiceImpl - Start to fetch contacts from DB.
""2017-01-18 11:58:49 [main] INFO  c.m.c.dao.impl.ContactDaoImpl - Start to fetch contacts from Cache.
""2017-01-18 11:58:49 [main] INFO  c.mental.contactbook.entity.Contact - Created Contact instance!
""2017-01-18 11:58:49 [main] INFO  c.mental.contactbook.entity.Contact - Created Contact instance!
""2017-01-18 11:58:49 [main] INFO  c.mental.contactbook.entity.Contact - Created Contact instance!
""2017-01-18 11:58:49 [main] INFO  c.mental.contactbook.entity.Contact - Created Contact instance!
""2017-01-18 11:58:49 [main] INFO  c.mental.contactbook.entity.Contact - Created Contact instance!
""2017-01-18 11:58:49 [main] INFO  c.m.c.s.impl.ContactServiceImpl - Contacts for regex retrieved!
""2017-01-18 11:58:50 [main] INFO  o.s.t.c.t.TransactionContext - Rolled back transaction for test context [DefaultTestContext@25a92e testClass = ContactControllerIT, testInstance = com.mental.contactbook.controller.ContactControllerIT@187455b, testMethod = test_getAllContactsExceptRegex@ContactControllerIT, testException = [null], mergedContextConfiguration = [WebMergedContextConfiguration@1f828d7 testClass = ContactControllerIT, locations = '{}', classes = '{class com.mental.contactbook.Application, class com.mental.contactbook.Application}', contextInitializerClasses = '[]', activeProfiles = '{}', propertySourceLocations = '{}', propertySourceProperties = '{org.springframework.boot.test.context.SpringBootTestContextBootstrapper=true}', contextCustomizers = set[org.springframework.boot.test.context.SpringBootTestContextCustomizer@11fba17, org.springframework.boot.test.context.filter.ExcludeFilterContextCustomizer@15eadca, org.springframework.boot.test.mock.mockito.MockitoContextCustomizer@0, org.springframework.boot.test.autoconfigure.properties.PropertyMappingContextCustomizer@0, org.springframework.boot.test.autoconfigure.web.servlet.WebDriverContextCustomizerFactory$Customizer@d2dae5, org.springframework.test.context.web.socket.MockServerContainerContextCustomizer@121e813], resourceBasePath = 'src/main/webapp', contextLoader = 'org.springframework.boot.test.context.SpringBootContextLoader', parent = [null]]].
""2017-01-18 11:58:50 [main] INFO  o.s.t.c.t.TransactionContext - Began transaction (1) for test context [DefaultTestContext@25a92e testClass = ContactControllerIT, testInstance = com.mental.contactbook.controller.ContactControllerIT@40a5b1, testMethod = test_getContactNotFound@ContactControllerIT, testException = [null], mergedContextConfiguration = [WebMergedContextConfiguration@1f828d7 testClass = ContactControllerIT, locations = '{}', classes = '{class com.mental.contactbook.Application, class com.mental.contactbook.Application}', contextInitializerClasses = '[]', activeProfiles = '{}', propertySourceLocations = '{}', propertySourceProperties = '{org.springframework.boot.test.context.SpringBootTestContextBootstrapper=true}', contextCustomizers = set[org.springframework.boot.test.context.SpringBootTestContextCustomizer@11fba17, org.springframework.boot.test.context.filter.ExcludeFilterContextCustomizer@15eadca, org.springframework.boot.test.mock.mockito.MockitoContextCustomizer@0, org.springframework.boot.test.autoconfigure.properties.PropertyMappingContextCustomizer@0, org.springframework.boot.test.autoconfigure.web.servlet.WebDriverContextCustomizerFactory$Customizer@d2dae5, org.springframework.test.context.web.socket.MockServerContainerContextCustomizer@121e813], resourceBasePath = 'src/main/webapp', contextLoader = 'org.springframework.boot.test.context.SpringBootContextLoader', parent = [null]]]; transaction manager [org.springframework.jdbc.datasource.DataSourceTransactionManager@2fdb81]; rollback [true]
""2017-01-18 11:58:50 [main] INFO  o.s.b.t.m.w.SpringBootMockServletContext - Initializing Spring FrameworkServlet ''
""2017-01-18 11:58:50 [main] INFO  o.s.t.w.s.TestDispatcherServlet - FrameworkServlet '': initialization started
""2017-01-18 11:58:50 [main] INFO  o.s.t.w.s.TestDispatcherServlet - FrameworkServlet '': initialization completed in 0 ms
""2017-01-18 11:58:50 [main] INFO  c.m.c.controller.ContactController - Request for fetching Contact with id: 9223372036854775807!
""2017-01-18 11:58:50 [main] INFO  c.m.c.s.impl.ContactServiceImpl - Start to fetch contact with id: 9223372036854775807.
""2017-01-18 11:58:50 [main] INFO  c.m.c.dao.impl.ContactDaoImpl - Start to fetch contacts from Cache.
""2017-01-18 11:58:50 [main] INFO  o.s.t.c.t.TransactionContext - Rolled back transaction for test context [DefaultTestContext@25a92e testClass = ContactControllerIT, testInstance = com.mental.contactbook.controller.ContactControllerIT@40a5b1, testMethod = test_getContactNotFound@ContactControllerIT, testException = [null], mergedContextConfiguration = [WebMergedContextConfiguration@1f828d7 testClass = ContactControllerIT, locations = '{}', classes = '{class com.mental.contactbook.Application, class com.mental.contactbook.Application}', contextInitializerClasses = '[]', activeProfiles = '{}', propertySourceLocations = '{}', propertySourceProperties = '{org.springframework.boot.test.context.SpringBootTestContextBootstrapper=true}', contextCustomizers = set[org.springframework.boot.test.context.SpringBootTestContextCustomizer@11fba17, org.springframework.boot.test.context.filter.ExcludeFilterContextCustomizer@15eadca, org.springframework.boot.test.mock.mockito.MockitoContextCustomizer@0, org.springframework.boot.test.autoconfigure.properties.PropertyMappingContextCustomizer@0, org.springframework.boot.test.autoconfigure.web.servlet.WebDriverContextCustomizerFactory$Customizer@d2dae5, org.springframework.test.context.web.socket.MockServerContainerContextCustomizer@121e813], resourceBasePath = 'src/main/webapp', contextLoader = 'org.springframework.boot.test.context.SpringBootContextLoader', parent = [null]]].
""2017-01-18 11:58:50 [main] INFO  o.s.t.c.t.TransactionContext - Began transaction (1) for test context [DefaultTestContext@25a92e testClass = ContactControllerIT, testInstance = com.mental.contactbook.controller.ContactControllerIT@dfab87, testMethod = test_getContact@ContactControllerIT, testException = [null], mergedContextConfiguration = [WebMergedContextConfiguration@1f828d7 testClass = ContactControllerIT, locations = '{}', classes = '{class com.mental.contactbook.Application, class com.mental.contactbook.Application}', contextInitializerClasses = '[]', activeProfiles = '{}', propertySourceLocations = '{}', propertySourceProperties = '{org.springframework.boot.test.context.SpringBootTestContextBootstrapper=true}', contextCustomizers = set[org.springframework.boot.test.context.SpringBootTestContextCustomizer@11fba17, org.springframework.boot.test.context.filter.ExcludeFilterContextCustomizer@15eadca, org.springframework.boot.test.mock.mockito.MockitoContextCustomizer@0, org.springframework.boot.test.autoconfigure.properties.PropertyMappingContextCustomizer@0, org.springframework.boot.test.autoconfigure.web.servlet.WebDriverContextCustomizerFactory$Customizer@d2dae5, org.springframework.test.context.web.socket.MockServerContainerContextCustomizer@121e813], resourceBasePath = 'src/main/webapp', contextLoader = 'org.springframework.boot.test.context.SpringBootContextLoader', parent = [null]]]; transaction manager [org.springframework.jdbc.datasource.DataSourceTransactionManager@2fdb81]; rollback [true]
""2017-01-18 11:58:50 [main] INFO  o.s.b.t.m.w.SpringBootMockServletContext - Initializing Spring FrameworkServlet ''
""2017-01-18 11:58:50 [main] INFO  o.s.t.w.s.TestDispatcherServlet - FrameworkServlet '': initialization started
""2017-01-18 11:58:50 [main] INFO  o.s.t.w.s.TestDispatcherServlet - FrameworkServlet '': initialization completed in 0 ms
""2017-01-18 11:58:50 [main] INFO  c.m.c.controller.ContactController - Request for fetching Contact with id: 1!
""2017-01-18 11:58:50 [main] INFO  c.m.c.s.impl.ContactServiceImpl - Start to fetch contact with id: 1.
""2017-01-18 11:58:50 [main] INFO  c.m.c.dao.impl.ContactDaoImpl - Start to fetch contacts from Cache.
""2017-01-18 11:58:50 [main] INFO  c.m.c.s.impl.ContactServiceImpl - Contact found and retrieved!
""2017-01-18 11:58:50 [main] INFO  c.m.c.controller.ContactController - Adding resource to contact
""2017-01-18 11:58:50 [main] INFO  c.m.c.controller.ContactController - Resource created with contact: Contact [id=1, name=Alexander]
""2017-01-18 11:58:50 [main] INFO  o.s.t.c.t.TransactionContext - Rolled back transaction for test context [DefaultTestContext@25a92e testClass = ContactControllerIT, testInstance = com.mental.contactbook.controller.ContactControllerIT@dfab87, testMethod = test_getContact@ContactControllerIT, testException = [null], mergedContextConfiguration = [WebMergedContextConfiguration@1f828d7 testClass = ContactControllerIT, locations = '{}', classes = '{class com.mental.contactbook.Application, class com.mental.contactbook.Application}', contextInitializerClasses = '[]', activeProfiles = '{}', propertySourceLocations = '{}', propertySourceProperties = '{org.springframework.boot.test.context.SpringBootTestContextBootstrapper=true}', contextCustomizers = set[org.springframework.boot.test.context.SpringBootTestContextCustomizer@11fba17, org.springframework.boot.test.context.filter.ExcludeFilterContextCustomizer@15eadca, org.springframework.boot.test.mock.mockito.MockitoContextCustomizer@0, org.springframework.boot.test.autoconfigure.properties.PropertyMappingContextCustomizer@0, org.springframework.boot.test.autoconfigure.web.servlet.WebDriverContextCustomizerFactory$Customizer@d2dae5, org.springframework.test.context.web.socket.MockServerContainerContextCustomizer@121e813], resourceBasePath = 'src/main/webapp', contextLoader = 'org.springframework.boot.test.context.SpringBootContextLoader', parent = [null]]].
""2017-01-18 11:58:50 [main] INFO  o.s.t.c.t.TransactionContext - Began transaction (1) for test context [DefaultTestContext@25a92e testClass = ContactControllerIT, testInstance = com.mental.contactbook.controller.ContactControllerIT@eedfee, testMethod = test_getContacts@ContactControllerIT, testException = [null], mergedContextConfiguration = [WebMergedContextConfiguration@1f828d7 testClass = ContactControllerIT, locations = '{}', classes = '{class com.mental.contactbook.Application, class com.mental.contactbook.Application}', contextInitializerClasses = '[]', activeProfiles = '{}', propertySourceLocations = '{}', propertySourceProperties = '{org.springframework.boot.test.context.SpringBootTestContextBootstrapper=true}', contextCustomizers = set[org.springframework.boot.test.context.SpringBootTestContextCustomizer@11fba17, org.springframework.boot.test.context.filter.ExcludeFilterContextCustomizer@15eadca, org.springframework.boot.test.mock.mockito.MockitoContextCustomizer@0, org.springframework.boot.test.autoconfigure.properties.PropertyMappingContextCustomizer@0, org.springframework.boot.test.autoconfigure.web.servlet.WebDriverContextCustomizerFactory$Customizer@d2dae5, org.springframework.test.context.web.socket.MockServerContainerContextCustomizer@121e813], resourceBasePath = 'src/main/webapp', contextLoader = 'org.springframework.boot.test.context.SpringBootContextLoader', parent = [null]]]; transaction manager [org.springframework.jdbc.datasource.DataSourceTransactionManager@2fdb81]; rollback [true]
""2017-01-18 11:58:50 [main] INFO  o.s.b.t.m.w.SpringBootMockServletContext - Initializing Spring FrameworkServlet ''
""2017-01-18 11:58:50 [main] INFO  o.s.t.w.s.TestDispatcherServlet - FrameworkServlet '': initialization started
""2017-01-18 11:58:50 [main] INFO  o.s.t.w.s.TestDispatcherServlet - FrameworkServlet '': initialization completed in 0 ms
""2017-01-18 11:58:50 [main] INFO  c.m.c.controller.ContactController - Request for fetching all Contacts.
""2017-01-18 11:58:50 [main] INFO  c.m.c.s.impl.ContactServiceImpl - Start to fetch contacts from DB.
""2017-01-18 11:58:50 [main] INFO  c.m.c.dao.impl.ContactDaoImpl - Start to fetch contacts from Cache.
""2017-01-18 11:58:50 [main] INFO  c.m.c.s.impl.ContactServiceImpl - Contacts retrieved!
""2017-01-18 11:58:50 [main] INFO  o.s.t.c.t.TransactionContext - Rolled back transaction for test context [DefaultTestContext@25a92e testClass = ContactControllerIT, testInstance = com.mental.contactbook.controller.ContactControllerIT@eedfee, testMethod = test_getContacts@ContactControllerIT, testException = [null], mergedContextConfiguration = [WebMergedContextConfiguration@1f828d7 testClass = ContactControllerIT, locations = '{}', classes = '{class com.mental.contactbook.Application, class com.mental.contactbook.Application}', contextInitializerClasses = '[]', activeProfiles = '{}', propertySourceLocations = '{}', propertySourceProperties = '{org.springframework.boot.test.context.SpringBootTestContextBootstrapper=true}', contextCustomizers = set[org.springframework.boot.test.context.SpringBootTestContextCustomizer@11fba17, org.springframework.boot.test.context.filter.ExcludeFilterContextCustomizer@15eadca, org.springframework.boot.test.mock.mockito.MockitoContextCustomizer@0, org.springframework.boot.test.autoconfigure.properties.PropertyMappingContextCustomizer@0, org.springframework.boot.test.autoconfigure.web.servlet.WebDriverContextCustomizerFactory$Customizer@d2dae5, org.springframework.test.context.web.socket.MockServerContainerContextCustomizer@121e813], resourceBasePath = 'src/main/webapp', contextLoader = 'org.springframework.boot.test.context.SpringBootContextLoader', parent = [null]]].
""2017-01-18 11:58:50 [main] INFO  o.s.b.t.c.SpringBootTestContextBootstrapper - Neither @ContextConfiguration nor @ContextHierarchy found for test class [com.mental.contactbook.dao.impl.ContactDaoImplIT], using SpringBootContextLoader
""2017-01-18 11:58:50 [main] INFO  o.s.t.c.s.AbstractContextLoader - Could not detect default resource locations for test class [com.mental.contactbook.dao.impl.ContactDaoImplIT]: no resource found for suffixes {-context.xml, Context.groovy}.
""2017-01-18 11:58:50 [main] INFO  o.s.b.t.c.SpringBootTestContextBootstrapper - Loaded default TestExecutionListener class names from location [META-INF/spring.factories]: [org.springframework.boot.test.mock.mockito.MockitoTestExecutionListener, org.springframework.boot.test.mock.mockito.ResetMocksTestExecutionListener, org.springframework.boot.test.autoconfigure.restdocs.RestDocsTestExecutionListener, org.springframework.boot.test.autoconfigure.web.client.MockRestServiceServerResetTestExecutionListener, org.springframework.boot.test.autoconfigure.web.servlet.MockMvcPrintOnlyOnFailureTestExecutionListener, org.springframework.boot.test.autoconfigure.web.servlet.WebDriverTestExecutionListener, org.springframework.test.context.web.ServletTestExecutionListener, org.springframework.test.context.support.DirtiesContextBeforeModesTestExecutionListener, org.springframework.test.context.support.DependencyInjectionTestExecutionListener, org.springframework.test.context.support.DirtiesContextTestExecutionListener, org.springframework.test.context.transaction.TransactionalTestExecutionListener, org.springframework.test.context.jdbc.SqlScriptsTestExecutionListener]
""2017-01-18 11:58:50 [main] INFO  o.s.b.t.c.SpringBootTestContextBootstrapper - Using TestExecutionListeners: [org.springframework.test.context.web.ServletTestExecutionListener@780cd9, org.springframework.test.context.support.DirtiesContextBeforeModesTestExecutionListener@3ebac7, org.springframework.boot.test.autoconfigure.SpringBootDependencyInjectionTestExecutionListener@8c70d6, org.springframework.test.context.support.DirtiesContextTestExecutionListener@b5f08a, org.springframework.test.context.transaction.TransactionalTestExecutionListener@df29c1, org.springframework.test.context.jdbc.SqlScriptsTestExecutionListener@1a04e5f, org.springframework.boot.test.autoconfigure.restdocs.RestDocsTestExecutionListener@b59b7d, org.springframework.boot.test.autoconfigure.web.client.MockRestServiceServerResetTestExecutionListener@1311681, org.springframework.boot.test.mock.mockito.ResetMocksTestExecutionListener@37ac07, org.springframework.boot.test.autoconfigure.web.servlet.MockMvcPrintOnlyOnFailureTestExecutionListener@11ed068, org.springframework.boot.test.mock.mockito.MockitoTestExecutionListener@13aca85, org.springframework.boot.test.autoconfigure.web.servlet.WebDriverTestExecutionListener@645fbd]
""2017-01-18 11:58:50 [main] INFO  c.m.c.dao.impl.ContactDaoImplIT - Starting ContactDaoImplIT on aleksandrk with PID 5500 (started by AleksandrK in C:\Documents and Settings\aleksandrk\workspace\contactbook)
""2017-01-18 11:58:50 [main] INFO  c.m.c.dao.impl.ContactDaoImplIT - No active profile set, falling back to default profiles: default
""2017-01-18 11:58:51 [main] INFO  o.s.c.s.PostProcessorRegistrationDelegate$BeanPostProcessorChecker - Bean 'org.springframework.cache.annotation.ProxyCachingConfiguration' of type [class org.springframework.cache.annotation.ProxyCachingConfiguration$$EnhancerBySpringCGLIB$$b7a5f43f] is not eligible for getting processed by all BeanPostProcessors (for example: not eligible for auto-proxying)
""2017-01-18 11:58:51 [main] INFO  o.s.c.s.PostProcessorRegistrationDelegate$BeanPostProcessorChecker - Bean 'org.springframework.transaction.annotation.ProxyTransactionManagementConfiguration' of type [class org.springframework.transaction.annotation.ProxyTransactionManagementConfiguration$$EnhancerBySpringCGLIB$$6e93be21] is not eligible for getting processed by all BeanPostProcessors (for example: not eligible for auto-proxying)
""2017-01-18 11:58:55 [main] INFO  c.m.c.dao.impl.ContactDaoImplIT - Started ContactDaoImplIT in 5.172 seconds (JVM running for 24.269)
""2017-01-18 11:58:55 [main] INFO  c.m.c.dao.impl.ContactDaoImpl - Start to fetch contacts from Cache.
""2017-01-18 11:58:56 [main] INFO  c.mental.contactbook.entity.Contact - Created Contact instance!
""2017-01-18 11:58:56 [main] INFO  c.mental.contactbook.entity.Contact - Created Contact instance!
""2017-01-18 11:58:56 [main] INFO  c.mental.contactbook.entity.Contact - Created Contact instance!
""2017-01-18 11:58:56 [main] INFO  c.mental.contactbook.entity.Contact - Created Contact instance!
""2017-01-18 11:58:56 [main] INFO  c.mental.contactbook.entity.Contact - Created Contact instance!
""2017-01-18 16:13:38 [main] INFO  c.m.c.c.ContactControllerMockTest - Starting ContactControllerMockTest on aleksandrk with PID 3340 (started by AleksandrK in C:\Documents and Settings\aleksandrk\workspace\contactbook)
""2017-01-18 16:13:39 [main] INFO  c.m.c.c.ContactControllerMockTest - No active profile set, falling back to default profiles: default
""2017-01-18 16:13:49 [main] INFO  o.s.b.t.m.w.SpringBootMockServletContext - Initializing Spring FrameworkServlet ''
""2017-01-18 16:13:49 [main] INFO  o.s.t.w.s.TestDispatcherServlet - FrameworkServlet '': initialization started
""2017-01-18 16:13:49 [main] INFO  o.s.t.w.s.TestDispatcherServlet - FrameworkServlet '': initialization completed in 125 ms
""2017-01-18 16:13:51 [main] INFO  c.m.c.c.ContactControllerMockTest - Started ContactControllerMockTest in 15.375 seconds (JVM running for 19.623)
""2017-01-18 16:13:51 [main] INFO  c.m.c.controller.ContactController - Request for fetching contacts that not match regex: ^$!
""2017-01-18 16:13:51 [main] INFO  c.m.c.controller.ContactController - Request for fetching Contact with id: 9223372036854775807!
""2017-01-18 16:13:51 [main] INFO  c.m.c.controller.ContactController - Request for fetching Contact with id: 1!
""2017-01-18 16:13:52 [main] INFO  c.m.c.controller.ContactController - Request for fetching all Contacts.
""2017-01-18 16:13:52 [main] INFO  o.s.b.t.c.SpringBootTestContextBootstrapper - Neither @ContextConfiguration nor @ContextHierarchy found for test class [com.mental.contactbook.controller.ContactResourceAssemblerTest], using SpringBootContextLoader
""2017-01-18 16:13:52 [main] INFO  o.s.t.c.s.AbstractContextLoader - Could not detect default resource locations for test class [com.mental.contactbook.controller.ContactResourceAssemblerTest]: no resource found for suffixes {-context.xml, Context.groovy}.
""2017-01-18 16:13:52 [main] INFO  o.s.b.t.c.SpringBootTestContextBootstrapper - Loaded default TestExecutionListener class names from location [META-INF/spring.factories]: [org.springframework.boot.test.mock.mockito.MockitoTestExecutionListener, org.springframework.boot.test.mock.mockito.ResetMocksTestExecutionListener, org.springframework.boot.test.autoconfigure.restdocs.RestDocsTestExecutionListener, org.springframework.boot.test.autoconfigure.web.client.MockRestServiceServerResetTestExecutionListener, org.springframework.boot.test.autoconfigure.web.servlet.MockMvcPrintOnlyOnFailureTestExecutionListener, org.springframework.boot.test.autoconfigure.web.servlet.WebDriverTestExecutionListener, org.springframework.test.context.web.ServletTestExecutionListener, org.springframework.test.context.support.DirtiesContextBeforeModesTestExecutionListener, org.springframework.test.context.support.DependencyInjectionTestExecutionListener, org.springframework.test.context.support.DirtiesContextTestExecutionListener, org.springframework.test.context.transaction.TransactionalTestExecutionListener, org.springframework.test.context.jdbc.SqlScriptsTestExecutionListener]
""2017-01-18 16:13:52 [main] INFO  o.s.b.t.c.SpringBootTestContextBootstrapper - Using TestExecutionListeners: [org.springframework.test.context.web.ServletTestExecutionListener@1651f93, org.springframework.test.context.support.DirtiesContextBeforeModesTestExecutionListener@1fa56fa, org.springframework.boot.test.autoconfigure.SpringBootDependencyInjectionTestExecutionListener@575325, org.springframework.test.context.support.DirtiesContextTestExecutionListener@7d1932, org.springframework.test.context.transaction.TransactionalTestExecutionListener@16309a9, org.springframework.test.context.jdbc.SqlScriptsTestExecutionListener@93dcb9, org.springframework.boot.test.autoconfigure.web.servlet.WebDriverTestExecutionListener@8b6035, org.springframework.boot.test.mock.mockito.ResetMocksTestExecutionListener@a34e9f, org.springframework.boot.test.autoconfigure.restdocs.RestDocsTestExecutionListener@16621e3, org.springframework.boot.test.autoconfigure.web.servlet.MockMvcPrintOnlyOnFailureTestExecutionListener@1c05ea2, org.springframework.boot.test.mock.mockito.MockitoTestExecutionListener@891ba7, org.springframework.boot.test.autoconfigure.web.client.MockRestServiceServerResetTestExecutionListener@40651f]
""2017-01-18 16:13:52 [main] INFO  c.m.c.c.ContactResourceAssemblerTest - Starting ContactResourceAssemblerTest on aleksandrk with PID 3340 (started by AleksandrK in C:\Documents and Settings\aleksandrk\workspace\contactbook)
""2017-01-18 16:13:52 [main] INFO  c.m.c.c.ContactResourceAssemblerTest - No active profile set, falling back to default profiles: default
""2017-01-18 16:13:55 [main] INFO  o.s.c.s.PostProcessorRegistrationDelegate$BeanPostProcessorChecker - Bean 'org.springframework.cache.annotation.ProxyCachingConfiguration' of type [class org.springframework.cache.annotation.ProxyCachingConfiguration$$EnhancerBySpringCGLIB$$2391c38c] is not eligible for getting processed by all BeanPostProcessors (for example: not eligible for auto-proxying)
""2017-01-18 16:13:55 [main] INFO  o.s.c.s.PostProcessorRegistrationDelegate$BeanPostProcessorChecker - Bean 'org.springframework.transaction.annotation.ProxyTransactionManagementConfiguration' of type [class org.springframework.transaction.annotation.ProxyTransactionManagementConfiguration$$EnhancerBySpringCGLIB$$da7f8d6e] is not eligible for getting processed by all BeanPostProcessors (for example: not eligible for auto-proxying)
""2017-01-18 16:14:01 [main] INFO  c.m.c.c.ContactResourceAssemblerTest - Started ContactResourceAssemblerTest in 9.218 seconds (JVM running for 29.815)
""2017-01-18 16:14:01 [main] INFO  c.mental.contactbook.entity.Contact - Created Contact instance with id:1 and name: Test!
""2017-01-18 16:14:01 [main] INFO  c.m.c.controller.ContactController - Adding resource to contact
""2017-01-18 16:14:01 [main] INFO  c.m.c.controller.ContactController - Resource created with contact: Contact [id=1, name=Test]
""2017-01-18 16:14:01 [main] INFO  o.s.b.t.c.SpringBootTestContextBootstrapper - Neither @ContextConfiguration nor @ContextHierarchy found for test class [com.mental.contactbook.dao.impl.ContactDaoImplTest], using SpringBootContextLoader
""2017-01-18 16:14:01 [main] INFO  o.s.t.c.s.AbstractContextLoader - Could not detect default resource locations for test class [com.mental.contactbook.dao.impl.ContactDaoImplTest]: no resource found for suffixes {-context.xml, Context.groovy}.
""2017-01-18 16:14:01 [main] INFO  o.s.b.t.c.SpringBootTestContextBootstrapper - Loaded default TestExecutionListener class names from location [META-INF/spring.factories]: [org.springframework.boot.test.mock.mockito.MockitoTestExecutionListener, org.springframework.boot.test.mock.mockito.ResetMocksTestExecutionListener, org.springframework.boot.test.autoconfigure.restdocs.RestDocsTestExecutionListener, org.springframework.boot.test.autoconfigure.web.client.MockRestServiceServerResetTestExecutionListener, org.springframework.boot.test.autoconfigure.web.servlet.MockMvcPrintOnlyOnFailureTestExecutionListener, org.springframework.boot.test.autoconfigure.web.servlet.WebDriverTestExecutionListener, org.springframework.test.context.web.ServletTestExecutionListener, org.springframework.test.context.support.DirtiesContextBeforeModesTestExecutionListener, org.springframework.test.context.support.DependencyInjectionTestExecutionListener, org.springframework.test.context.support.DirtiesContextTestExecutionListener, org.springframework.test.context.transaction.TransactionalTestExecutionListener, org.springframework.test.context.jdbc.SqlScriptsTestExecutionListener]
""2017-01-18 16:14:01 [main] INFO  o.s.b.t.c.SpringBootTestContextBootstrapper - Using TestExecutionListeners: [org.springframework.test.context.web.ServletTestExecutionListener@fc2538, org.springframework.test.context.support.DirtiesContextBeforeModesTestExecutionListener@deec87, org.springframework.boot.test.autoconfigure.SpringBootDependencyInjectionTestExecutionListener@1342959, org.springframework.test.context.support.DirtiesContextTestExecutionListener@cf5915, org.springframework.test.context.transaction.TransactionalTestExecutionListener@1e76c11, org.springframework.test.context.jdbc.SqlScriptsTestExecutionListener@cc183e, org.springframework.boot.test.autoconfigure.web.servlet.WebDriverTestExecutionListener@4e8fdf, org.springframework.boot.test.mock.mockito.ResetMocksTestExecutionListener@1d6ef2, org.springframework.boot.test.autoconfigure.restdocs.RestDocsTestExecutionListener@721044, org.springframework.boot.test.autoconfigure.web.servlet.MockMvcPrintOnlyOnFailureTestExecutionListener@5df5dc, org.springframework.boot.test.mock.mockito.MockitoTestExecutionListener@a7b67f, org.springframework.boot.test.autoconfigure.web.client.MockRestServiceServerResetTestExecutionListener@1cc3f27]
""2017-01-18 16:14:01 [main] INFO  c.mental.contactbook.entity.Contact - Created Contact instance!
""2017-01-18 16:14:01 [main] INFO  c.mental.contactbook.entity.Contact - Created Contact instance with id:1 and name: Test!
""2017-01-18 16:14:01 [main] INFO  c.m.c.s.impl.ContactServiceImpl - Start to fetch contacts from DB.
""2017-01-18 16:14:01 [main] INFO  c.m.c.s.impl.ContactServiceImpl - Contacts for regex retrieved!
""2017-01-18 16:14:01 [main] INFO  c.m.c.s.impl.ContactServiceImpl - Start to fetch contact with id: 1.
""2017-01-18 16:14:01 [main] INFO  c.m.c.s.impl.ContactServiceImpl - Contact found and retrieved!
""2017-01-18 16:14:01 [main] INFO  c.m.c.s.impl.ContactServiceImpl - Start to fetch contacts from DB.
""2017-01-18 16:14:01 [main] INFO  c.m.c.s.impl.ContactServiceImpl - Contacts retrieved!
""2017-01-18 16:15:01 [main] INFO  c.m.c.c.ContactControllerMockTest - Starting ContactControllerMockTest on aleksandrk with PID 1636 (started by AleksandrK in C:\Documents and Settings\aleksandrk\workspace\contactbook)
""2017-01-18 16:15:01 [main] INFO  c.m.c.c.ContactControllerMockTest - No active profile set, falling back to default profiles: default
""2017-01-18 16:15:08 [main] INFO  o.s.b.t.m.w.SpringBootMockServletContext - Initializing Spring FrameworkServlet ''
""2017-01-18 16:15:08 [main] INFO  o.s.t.w.s.TestDispatcherServlet - FrameworkServlet '': initialization started
""2017-01-18 16:15:08 [main] INFO  o.s.t.w.s.TestDispatcherServlet - FrameworkServlet '': initialization completed in 63 ms
""2017-01-18 16:15:09 [main] INFO  c.m.c.c.ContactControllerMockTest - Started ContactControllerMockTest in 9.953 seconds (JVM running for 13.679)
""2017-01-18 16:15:09 [main] INFO  c.m.c.controller.ContactController - Request for fetching contacts that not match regex: ^$!
""2017-01-18 16:15:10 [main] INFO  c.m.c.controller.ContactController - Request for fetching Contact with id: 9223372036854775807!
""2017-01-18 16:15:10 [main] INFO  c.m.c.controller.ContactController - Request for fetching Contact with id: 1!
""2017-01-18 16:15:10 [main] INFO  c.m.c.controller.ContactController - Request for fetching all Contacts.
""2017-01-18 16:15:10 [main] INFO  o.s.b.t.c.SpringBootTestContextBootstrapper - Neither @ContextConfiguration nor @ContextHierarchy found for test class [com.mental.contactbook.controller.ContactResourceAssemblerTest], using SpringBootContextLoader
""2017-01-18 16:15:10 [main] INFO  o.s.t.c.s.AbstractContextLoader - Could not detect default resource locations for test class [com.mental.contactbook.controller.ContactResourceAssemblerTest]: no resource found for suffixes {-context.xml, Context.groovy}.
""2017-01-18 16:15:10 [main] INFO  o.s.b.t.c.SpringBootTestContextBootstrapper - Loaded default TestExecutionListener class names from location [META-INF/spring.factories]: [org.springframework.boot.test.mock.mockito.MockitoTestExecutionListener, org.springframework.boot.test.mock.mockito.ResetMocksTestExecutionListener, org.springframework.boot.test.autoconfigure.restdocs.RestDocsTestExecutionListener, org.springframework.boot.test.autoconfigure.web.client.MockRestServiceServerResetTestExecutionListener, org.springframework.boot.test.autoconfigure.web.servlet.MockMvcPrintOnlyOnFailureTestExecutionListener, org.springframework.boot.test.autoconfigure.web.servlet.WebDriverTestExecutionListener, org.springframework.test.context.web.ServletTestExecutionListener, org.springframework.test.context.support.DirtiesContextBeforeModesTestExecutionListener, org.springframework.test.context.support.DependencyInjectionTestExecutionListener, org.springframework.test.context.support.DirtiesContextTestExecutionListener, org.springframework.test.context.transaction.TransactionalTestExecutionListener, org.springframework.test.context.jdbc.SqlScriptsTestExecutionListener]
""2017-01-18 16:15:10 [main] INFO  o.s.b.t.c.SpringBootTestContextBootstrapper - Using TestExecutionListeners: [org.springframework.test.context.web.ServletTestExecutionListener@35c345, org.springframework.test.context.support.DirtiesContextBeforeModesTestExecutionListener@1681037, org.springframework.boot.test.autoconfigure.SpringBootDependencyInjectionTestExecutionListener@59319c, org.springframework.test.context.support.DirtiesContextTestExecutionListener@1faaaf0, org.springframework.test.context.transaction.TransactionalTestExecutionListener@1c76fa1, org.springframework.test.context.jdbc.SqlScriptsTestExecutionListener@ed2d86, org.springframework.boot.test.autoconfigure.web.servlet.WebDriverTestExecutionListener@1d53216, org.springframework.boot.test.mock.mockito.ResetMocksTestExecutionListener@1a2b3b6, org.springframework.boot.test.autoconfigure.restdocs.RestDocsTestExecutionListener@13e7344, org.springframework.boot.test.autoconfigure.web.servlet.MockMvcPrintOnlyOnFailureTestExecutionListener@8f638, org.springframework.boot.test.mock.mockito.MockitoTestExecutionListener@d73ead, org.springframework.boot.test.autoconfigure.web.client.MockRestServiceServerResetTestExecutionListener@141e42]
""2017-01-18 16:15:10 [main] INFO  c.m.c.c.ContactResourceAssemblerTest - Starting ContactResourceAssemblerTest on aleksandrk with PID 1636 (started by AleksandrK in C:\Documents and Settings\aleksandrk\workspace\contactbook)
""2017-01-18 16:15:10 [main] INFO  c.m.c.c.ContactResourceAssemblerTest - No active profile set, falling back to default profiles: default
""2017-01-18 16:15:12 [main] INFO  o.s.c.s.PostProcessorRegistrationDelegate$BeanPostProcessorChecker - Bean 'org.springframework.cache.annotation.ProxyCachingConfiguration' of type [class org.springframework.cache.annotation.ProxyCachingConfiguration$$EnhancerBySpringCGLIB$$53d7b2f5] is not eligible for getting processed by all BeanPostProcessors (for example: not eligible for auto-proxying)
""2017-01-18 16:15:12 [main] INFO  o.s.c.s.PostProcessorRegistrationDelegate$BeanPostProcessorChecker - Bean 'org.springframework.transaction.annotation.ProxyTransactionManagementConfiguration' of type [class org.springframework.transaction.annotation.ProxyTransactionManagementConfiguration$$EnhancerBySpringCGLIB$$ac57cd7] is not eligible for getting processed by all BeanPostProcessors (for example: not eligible for auto-proxying)
""2017-01-18 16:15:16 [main] INFO  c.m.c.c.ContactResourceAssemblerTest - Started ContactResourceAssemblerTest in 5.922 seconds (JVM running for 20.513)
""2017-01-18 16:15:16 [main] INFO  c.mental.contactbook.entity.Contact - Created Contact instance with id:1 and name: Test!
""2017-01-18 16:15:16 [main] INFO  c.m.c.controller.ContactController - Adding resource to contact
""2017-01-18 16:15:16 [main] INFO  c.m.c.controller.ContactController - Resource created with contact: Contact [id=1, name=Test]
""2017-01-18 16:15:16 [main] INFO  o.s.b.t.c.SpringBootTestContextBootstrapper - Neither @ContextConfiguration nor @ContextHierarchy found for test class [com.mental.contactbook.dao.impl.ContactDaoImplTest], using SpringBootContextLoader
""2017-01-18 16:15:16 [main] INFO  o.s.t.c.s.AbstractContextLoader - Could not detect default resource locations for test class [com.mental.contactbook.dao.impl.ContactDaoImplTest]: no resource found for suffixes {-context.xml, Context.groovy}.
""2017-01-18 16:15:16 [main] INFO  o.s.b.t.c.SpringBootTestContextBootstrapper - Loaded default TestExecutionListener class names from location [META-INF/spring.factories]: [org.springframework.boot.test.mock.mockito.MockitoTestExecutionListener, org.springframework.boot.test.mock.mockito.ResetMocksTestExecutionListener, org.springframework.boot.test.autoconfigure.restdocs.RestDocsTestExecutionListener, org.springframework.boot.test.autoconfigure.web.client.MockRestServiceServerResetTestExecutionListener, org.springframework.boot.test.autoconfigure.web.servlet.MockMvcPrintOnlyOnFailureTestExecutionListener, org.springframework.boot.test.autoconfigure.web.servlet.WebDriverTestExecutionListener, org.springframework.test.context.web.ServletTestExecutionListener, org.springframework.test.context.support.DirtiesContextBeforeModesTestExecutionListener, org.springframework.test.context.support.DependencyInjectionTestExecutionListener, org.springframework.test.context.support.DirtiesContextTestExecutionListener, org.springframework.test.context.transaction.TransactionalTestExecutionListener, org.springframework.test.context.jdbc.SqlScriptsTestExecutionListener]
""2017-01-18 16:15:16 [main] INFO  o.s.b.t.c.SpringBootTestContextBootstrapper - Using TestExecutionListeners: [org.springframework.test.context.web.ServletTestExecutionListener@17d0bc3, org.springframework.test.context.support.DirtiesContextBeforeModesTestExecutionListener@178219a, org.springframework.boot.test.autoconfigure.SpringBootDependencyInjectionTestExecutionListener@185fb64, org.springframework.test.context.support.DirtiesContextTestExecutionListener@476c16, org.springframework.test.context.transaction.TransactionalTestExecutionListener@17b560e, org.springframework.test.context.jdbc.SqlScriptsTestExecutionListener@1ffda4a, org.springframework.boot.test.autoconfigure.web.servlet.WebDriverTestExecutionListener@1a348ca, org.springframework.boot.test.mock.mockito.ResetMocksTestExecutionListener@e9a474, org.springframework.boot.test.autoconfigure.restdocs.RestDocsTestExecutionListener@1b15381, org.springframework.boot.test.autoconfigure.web.servlet.MockMvcPrintOnlyOnFailureTestExecutionListener@dbfcf7, org.springframework.boot.test.mock.mockito.MockitoTestExecutionListener@19f017e, org.springframework.boot.test.autoconfigure.web.client.MockRestServiceServerResetTestExecutionListener@cedb7d]
""2017-01-18 16:15:16 [main] INFO  c.mental.contactbook.entity.Contact - Created Contact instance!
""2017-01-18 16:15:16 [main] INFO  c.mental.contactbook.entity.Contact - Created Contact instance with id:1 and name: Test!
""2017-01-18 16:15:16 [main] INFO  c.m.c.s.impl.ContactServiceImpl - Start to fetch contacts from DB.
""2017-01-18 16:15:16 [main] INFO  c.m.c.s.impl.ContactServiceImpl - Contacts for regex retrieved!
""2017-01-18 16:15:16 [main] INFO  c.m.c.s.impl.ContactServiceImpl - Start to fetch contact with id: 1.
""2017-01-18 16:15:16 [main] INFO  c.m.c.s.impl.ContactServiceImpl - Contact found and retrieved!
""2017-01-18 16:15:16 [main] INFO  c.m.c.s.impl.ContactServiceImpl - Start to fetch contacts from DB.
""2017-01-18 16:15:16 [main] INFO  c.m.c.s.impl.ContactServiceImpl - Contacts retrieved!
""2017-01-18 16:15:42 [main] INFO  c.m.c.controller.ContactControllerIT - Starting ContactControllerIT on aleksandrk with PID 5688 (started by AleksandrK in C:\Documents and Settings\aleksandrk\workspace\contactbook)
""2017-01-18 16:15:42 [main] INFO  c.m.c.controller.ContactControllerIT - No active profile set, falling back to default profiles: default
""2017-01-18 16:15:48 [main] INFO  o.s.c.s.PostProcessorRegistrationDelegate$BeanPostProcessorChecker - Bean 'org.springframework.cache.annotation.ProxyCachingConfiguration' of type [class org.springframework.cache.annotation.ProxyCachingConfiguration$$EnhancerBySpringCGLIB$$f203d936] is not eligible for getting processed by all BeanPostProcessors (for example: not eligible for auto-proxying)
""2017-01-18 16:15:48 [main] INFO  o.s.c.s.PostProcessorRegistrationDelegate$BeanPostProcessorChecker - Bean 'org.springframework.transaction.annotation.ProxyTransactionManagementConfiguration' of type [class org.springframework.transaction.annotation.ProxyTransactionManagementConfiguration$$EnhancerBySpringCGLIB$$a8f1a318] is not eligible for getting processed by all BeanPostProcessors (for example: not eligible for auto-proxying)
""2017-01-18 16:15:53 [main] INFO  c.m.c.controller.ContactControllerIT - Started ContactControllerIT in 12.609 seconds (JVM running for 15.274)
""2017-01-18 16:15:55 [main] INFO  o.s.jdbc.datasource.init.ScriptUtils - Executing SQL script from class path resource [beforeTestRun.sql]
""2017-01-18 16:15:55 [main] INFO  o.s.jdbc.datasource.init.ScriptUtils - Executed SQL script from class path resource [beforeTestRun.sql] in 141 ms.
""2017-01-18 16:15:55 [main] INFO  o.s.b.t.m.w.SpringBootMockServletContext - Initializing Spring FrameworkServlet ''
""2017-01-18 16:15:55 [main] INFO  o.s.t.w.s.TestDispatcherServlet - FrameworkServlet '': initialization started
""2017-01-18 16:15:56 [main] INFO  o.s.t.w.s.TestDispatcherServlet - FrameworkServlet '': initialization completed in 62 ms
""2017-01-18 16:15:56 [main] INFO  c.m.c.controller.ContactController - Request for fetching contacts that not match regex: ^$!
""2017-01-18 16:15:56 [main] INFO  c.m.c.s.impl.ContactServiceImpl - Start to fetch contacts from DB.
""2017-01-18 16:15:56 [main] INFO  c.m.c.dao.impl.ContactDaoImpl - Start to fetch contacts from Cache.
""2017-01-18 16:15:56 [main] INFO  c.mental.contactbook.entity.Contact - Created Contact instance!
""2017-01-18 16:15:56 [main] INFO  c.mental.contactbook.entity.Contact - Created Contact instance!
""2017-01-18 16:15:56 [main] INFO  c.mental.contactbook.entity.Contact - Created Contact instance!
""2017-01-18 16:15:56 [main] INFO  c.m.c.s.impl.ContactServiceImpl - Contacts for regex retrieved!
""2017-01-18 16:15:56 [main] INFO  o.s.jdbc.datasource.init.ScriptUtils - Executing SQL script from class path resource [afterTestRun.sql]
""2017-01-18 16:15:56 [main] INFO  o.s.jdbc.datasource.init.ScriptUtils - Executed SQL script from class path resource [afterTestRun.sql] in 62 ms.
""2017-01-18 16:15:56 [main] INFO  o.s.jdbc.datasource.init.ScriptUtils - Executing SQL script from class path resource [beforeTestRun.sql]
""2017-01-18 16:15:56 [main] INFO  o.s.jdbc.datasource.init.ScriptUtils - Executed SQL script from class path resource [beforeTestRun.sql] in 16 ms.
""2017-01-18 16:15:56 [main] INFO  o.s.b.t.m.w.SpringBootMockServletContext - Initializing Spring FrameworkServlet ''
""2017-01-18 16:15:56 [main] INFO  o.s.t.w.s.TestDispatcherServlet - FrameworkServlet '': initialization started
""2017-01-18 16:15:56 [main] INFO  o.s.t.w.s.TestDispatcherServlet - FrameworkServlet '': initialization completed in 0 ms
""2017-01-18 16:15:56 [main] INFO  c.m.c.controller.ContactController - Request for fetching Contact with id: 9223372036854775807!
""2017-01-18 16:15:56 [main] INFO  c.m.c.s.impl.ContactServiceImpl - Start to fetch contact with id: 9223372036854775807.
""2017-01-18 16:15:56 [main] INFO  c.m.c.dao.impl.ContactDaoImpl - Start to fetch contacts from Cache.
""2017-01-18 16:15:56 [main] INFO  o.s.jdbc.datasource.init.ScriptUtils - Executing SQL script from class path resource [afterTestRun.sql]
""2017-01-18 16:15:56 [main] INFO  o.s.jdbc.datasource.init.ScriptUtils - Executed SQL script from class path resource [afterTestRun.sql] in 0 ms.
""2017-01-18 16:15:56 [main] INFO  o.s.jdbc.datasource.init.ScriptUtils - Executing SQL script from class path resource [beforeTestRun.sql]
""2017-01-18 16:15:56 [main] INFO  o.s.jdbc.datasource.init.ScriptUtils - Executed SQL script from class path resource [beforeTestRun.sql] in 0 ms.
""2017-01-18 16:15:56 [main] INFO  o.s.b.t.m.w.SpringBootMockServletContext - Initializing Spring FrameworkServlet ''
""2017-01-18 16:15:56 [main] INFO  o.s.t.w.s.TestDispatcherServlet - FrameworkServlet '': initialization started
""2017-01-18 16:15:56 [main] INFO  o.s.t.w.s.TestDispatcherServlet - FrameworkServlet '': initialization completed in 15 ms
""2017-01-18 16:15:56 [main] INFO  c.m.c.controller.ContactController - Request for fetching Contact with id: 1!
""2017-01-18 16:15:56 [main] INFO  c.m.c.s.impl.ContactServiceImpl - Start to fetch contact with id: 1.
""2017-01-18 16:15:56 [main] INFO  c.m.c.dao.impl.ContactDaoImpl - Start to fetch contacts from Cache.
""2017-01-18 16:15:56 [main] INFO  c.m.c.s.impl.ContactServiceImpl - Contact found and retrieved!
""2017-01-18 16:15:56 [main] INFO  c.m.c.controller.ContactController - Adding resource to contact
""2017-01-18 16:15:56 [main] INFO  c.m.c.controller.ContactController - Resource created with contact: Contact [id=1, name=TestCase]
""2017-01-18 16:15:56 [main] INFO  o.s.jdbc.datasource.init.ScriptUtils - Executing SQL script from class path resource [afterTestRun.sql]
""2017-01-18 16:15:56 [main] INFO  o.s.jdbc.datasource.init.ScriptUtils - Executed SQL script from class path resource [afterTestRun.sql] in 0 ms.
""2017-01-18 16:15:56 [main] INFO  o.s.jdbc.datasource.init.ScriptUtils - Executing SQL script from class path resource [beforeTestRun.sql]
""2017-01-18 16:15:56 [main] INFO  o.s.jdbc.datasource.init.ScriptUtils - Executed SQL script from class path resource [beforeTestRun.sql] in 16 ms.
""2017-01-18 16:15:56 [main] INFO  o.s.b.t.m.w.SpringBootMockServletContext - Initializing Spring FrameworkServlet ''
""2017-01-18 16:15:56 [main] INFO  o.s.t.w.s.TestDispatcherServlet - FrameworkServlet '': initialization started
""2017-01-18 16:15:57 [main] INFO  o.s.t.w.s.TestDispatcherServlet - FrameworkServlet '': initialization completed in 15 ms
""2017-01-18 16:15:57 [main] INFO  c.m.c.controller.ContactController - Request for fetching all Contacts.
""2017-01-18 16:15:57 [main] INFO  c.m.c.s.impl.ContactServiceImpl - Start to fetch contacts from DB.
""2017-01-18 16:15:57 [main] INFO  c.m.c.dao.impl.ContactDaoImpl - Start to fetch contacts from Cache.
""2017-01-18 16:15:57 [main] INFO  c.m.c.s.impl.ContactServiceImpl - Contacts retrieved!
""2017-01-18 16:15:57 [main] INFO  o.s.jdbc.datasource.init.ScriptUtils - Executing SQL script from class path resource [afterTestRun.sql]
""2017-01-18 16:15:57 [main] INFO  o.s.jdbc.datasource.init.ScriptUtils - Executed SQL script from class path resource [afterTestRun.sql] in 0 ms.
""2017-01-18 16:15:57 [main] INFO  o.s.b.t.c.SpringBootTestContextBootstrapper - Neither @ContextConfiguration nor @ContextHierarchy found for test class [com.mental.contactbook.dao.impl.ContactDaoImplIT], using SpringBootContextLoader
""2017-01-18 16:15:57 [main] INFO  o.s.t.c.s.AbstractContextLoader - Could not detect default resource locations for test class [com.mental.contactbook.dao.impl.ContactDaoImplIT]: no resource found for suffixes {-context.xml, Context.groovy}.
""2017-01-18 16:15:57 [main] INFO  o.s.b.t.c.SpringBootTestContextBootstrapper - Loaded default TestExecutionListener class names from location [META-INF/spring.factories]: [org.springframework.boot.test.mock.mockito.MockitoTestExecutionListener, org.springframework.boot.test.mock.mockito.ResetMocksTestExecutionListener, org.springframework.boot.test.autoconfigure.restdocs.RestDocsTestExecutionListener, org.springframework.boot.test.autoconfigure.web.client.MockRestServiceServerResetTestExecutionListener, org.springframework.boot.test.autoconfigure.web.servlet.MockMvcPrintOnlyOnFailureTestExecutionListener, org.springframework.boot.test.autoconfigure.web.servlet.WebDriverTestExecutionListener, org.springframework.test.context.web.ServletTestExecutionListener, org.springframework.test.context.support.DirtiesContextBeforeModesTestExecutionListener, org.springframework.test.context.support.DependencyInjectionTestExecutionListener, org.springframework.test.context.support.DirtiesContextTestExecutionListener, org.springframework.test.context.transaction.TransactionalTestExecutionListener, org.springframework.test.context.jdbc.SqlScriptsTestExecutionListener]
""2017-01-18 16:15:57 [main] INFO  o.s.b.t.c.SpringBootTestContextBootstrapper - Using TestExecutionListeners: [org.springframework.test.context.web.ServletTestExecutionListener@9469b8, org.springframework.test.context.support.DirtiesContextBeforeModesTestExecutionListener@8efdc, org.springframework.boot.test.autoconfigure.SpringBootDependencyInjectionTestExecutionListener@1272109, org.springframework.test.context.support.DirtiesContextTestExecutionListener@1696551, org.springframework.test.context.transaction.TransactionalTestExecutionListener@8d0e6d, org.springframework.test.context.jdbc.SqlScriptsTestExecutionListener@1e66b2f, org.springframework.boot.test.mock.mockito.MockitoTestExecutionListener@1273273, org.springframework.boot.test.autoconfigure.web.client.MockRestServiceServerResetTestExecutionListener@1f69e2b, org.springframework.boot.test.mock.mockito.ResetMocksTestExecutionListener@184169e, org.springframework.boot.test.autoconfigure.web.servlet.MockMvcPrintOnlyOnFailureTestExecutionListener@1f1bb92, org.springframework.boot.test.autoconfigure.web.servlet.WebDriverTestExecutionListener@16bbd35, org.springframework.boot.test.autoconfigure.restdocs.RestDocsTestExecutionListener@5d6175]
""2017-01-18 16:15:57 [main] INFO  c.m.c.dao.impl.ContactDaoImplIT - Starting ContactDaoImplIT on aleksandrk with PID 5688 (started by AleksandrK in C:\Documents and Settings\aleksandrk\workspace\contactbook)
""2017-01-18 16:15:57 [main] INFO  c.m.c.dao.impl.ContactDaoImplIT - No active profile set, falling back to default profiles: default
""2017-01-18 16:15:58 [main] INFO  o.s.c.s.PostProcessorRegistrationDelegate$BeanPostProcessorChecker - Bean 'org.springframework.cache.annotation.ProxyCachingConfiguration' of type [class org.springframework.cache.annotation.ProxyCachingConfiguration$$EnhancerBySpringCGLIB$$f203d936] is not eligible for getting processed by all BeanPostProcessors (for example: not eligible for auto-proxying)
""2017-01-18 16:15:58 [main] INFO  o.s.c.s.PostProcessorRegistrationDelegate$BeanPostProcessorChecker - Bean 'org.springframework.transaction.annotation.ProxyTransactionManagementConfiguration' of type [class org.springframework.transaction.annotation.ProxyTransactionManagementConfiguration$$EnhancerBySpringCGLIB$$a8f1a318] is not eligible for getting processed by all BeanPostProcessors (for example: not eligible for auto-proxying)
""2017-01-18 16:16:01 [main] INFO  c.m.c.dao.impl.ContactDaoImplIT - Started ContactDaoImplIT in 4.516 seconds (JVM running for 23.203)
""2017-01-18 16:16:02 [main] INFO  o.s.jdbc.datasource.init.ScriptUtils - Executing SQL script from class path resource [beforeTestRun.sql]
""2017-01-18 16:16:02 [main] INFO  o.s.jdbc.datasource.init.ScriptUtils - Executed SQL script from class path resource [beforeTestRun.sql] in 15 ms.
""2017-01-18 16:16:02 [main] INFO  c.m.c.dao.impl.ContactDaoImpl - Start to fetch contacts from Cache.
""2017-01-18 16:16:02 [main] INFO  c.mental.contactbook.entity.Contact - Created Contact instance!
""2017-01-18 16:16:02 [main] INFO  c.mental.contactbook.entity.Contact - Created Contact instance!
""2017-01-18 16:16:02 [main] INFO  c.mental.contactbook.entity.Contact - Created Contact instance!
""2017-01-18 16:16:02 [main] INFO  o.s.jdbc.datasource.init.ScriptUtils - Executing SQL script from class path resource [afterTestRun.sql]
""2017-01-18 16:16:02 [main] INFO  o.s.jdbc.datasource.init.ScriptUtils - Executed SQL script from class path resource [afterTestRun.sql] in 16 ms.
"